2017-10-03 22:52:10,601 0    [main] INFO  org.hibernate.annotations.common.Version  - HCANN000001: Hibernate Commons Annotations {4.0.5.Final}
2017-10-03 22:52:10,650 49   [main] INFO  org.hibernate.Version  - HHH000412: Hibernate Core {4.3.11.Final}
2017-10-03 22:52:10,675 74   [main] INFO  org.hibernate.cfg.Environment  - HHH000206: hibernate.properties not found
2017-10-03 22:52:10,678 77   [main] INFO  org.hibernate.cfg.Environment  - HHH000021: Bytecode provider name : javassist
2017-10-03 22:52:10,915 314  [main] INFO  org.hibernate.cfg.Configuration  - HHH000043: Configuring from resource: /hibernate.cfg.xml
2017-10-03 22:52:10,917 316  [main] INFO  org.hibernate.cfg.Configuration  - HHH000040: Configuration resource: /hibernate.cfg.xml
2017-10-03 22:52:11,792 1191 [main] INFO  org.hibernate.cfg.Configuration  - HHH000041: Configured SessionFactory: null
2017-10-03 22:52:12,581 1980 [main] WARN  org.hibernate.engine.jdbc.connections.internal.DriverManagerConnectionProviderImpl  - HHH000402: Using Hibernate built-in connection pool (not for production use!)
2017-10-03 22:52:12,683 2082 [main] INFO  org.hibernate.engine.jdbc.connections.internal.DriverManagerConnectionProviderImpl  - HHH000401: using driver [com.mysql.jdbc.Driver] at URL [jdbc:mysql://localhost:3306/streamsearchtest]
2017-10-03 22:52:12,693 2092 [main] INFO  org.hibernate.engine.jdbc.connections.internal.DriverManagerConnectionProviderImpl  - HHH000046: Connection properties: {user=root, password=****}
2017-10-03 22:52:12,693 2092 [main] INFO  org.hibernate.engine.jdbc.connections.internal.DriverManagerConnectionProviderImpl  - HHH000006: Autocommit mode: false
2017-10-03 22:52:12,706 2105 [main] INFO  org.hibernate.engine.jdbc.connections.internal.DriverManagerConnectionProviderImpl  - HHH000115: Hibernate connection pool size: 20 (min=1)
2017-10-03 22:52:16,085 5484 [main] INFO  org.hibernate.dialect.Dialect  - HHH000400: Using dialect: org.hibernate.dialect.MySQL5Dialect
2017-10-03 22:52:17,091 6490 [main] INFO  org.hibernate.engine.transaction.internal.TransactionFactoryInitiator  - HHH000399: Using default transaction strategy (direct JDBC transactions)
2017-10-03 22:52:17,158 6557 [main] INFO  org.hibernate.hql.internal.ast.ASTQueryTranslatorFactory  - HHH000397: Using ASTQueryTranslatorFactory
2017-10-03 22:52:21,160 10559 [main] WARN  org.hibernate.engine.jdbc.spi.SqlExceptionHelper  - SQL Error: 1146, SQLState: 42S02
2017-10-03 22:52:21,162 10561 [main] ERROR org.hibernate.engine.jdbc.spi.SqlExceptionHelper  - Table 'streamsearchtest.User' doesn't exist
2017-10-03 22:52:21,169 10568 [main] INFO  org.hibernate.engine.jdbc.batch.internal.AbstractBatchImpl  - HHH000010: On release of batch it still contained JDBC statements
2017-10-03 22:52:21,204 10603 [main] WARN  org.hibernate.engine.jdbc.spi.SqlExceptionHelper  - SQL Warning Code: 1146, SQLState: 42S02
2017-10-03 22:52:21,209 10608 [main] WARN  org.hibernate.engine.jdbc.spi.SqlExceptionHelper  - Table 'streamsearchtest.User' doesn't exist
2017-10-03 22:52:21,211 10610 [main] ERROR edu.matc.streamSearch.persistence.UserDao  - Error saving user edu.matc.streamSearch.entity.User@93daa5d6
org.hibernate.exception.SQLGrammarException: could not execute statement
	at org.hibernate.exception.internal.SQLExceptionTypeDelegate.convert(SQLExceptionTypeDelegate.java:80)
	at org.hibernate.exception.internal.StandardSQLExceptionConverter.convert(StandardSQLExceptionConverter.java:49)
	at org.hibernate.engine.jdbc.spi.SqlExceptionHelper.convert(SqlExceptionHelper.java:126)
	at org.hibernate.engine.jdbc.spi.SqlExceptionHelper.convert(SqlExceptionHelper.java:112)
	at org.hibernate.engine.jdbc.internal.ResultSetReturnImpl.executeUpdate(ResultSetReturnImpl.java:211)
	at org.hibernate.engine.jdbc.batch.internal.NonBatchingBatch.addToBatch(NonBatchingBatch.java:62)
	at org.hibernate.persister.entity.AbstractEntityPersister.insert(AbstractEntityPersister.java:3124)
	at org.hibernate.persister.entity.AbstractEntityPersister.insert(AbstractEntityPersister.java:3581)
	at org.hibernate.action.internal.EntityInsertAction.execute(EntityInsertAction.java:104)
	at org.hibernate.engine.spi.ActionQueue.executeActions(ActionQueue.java:465)
	at org.hibernate.engine.spi.ActionQueue.executeActions(ActionQueue.java:351)
	at org.hibernate.event.internal.AbstractFlushingEventListener.performExecutions(AbstractFlushingEventListener.java:350)
	at org.hibernate.event.internal.DefaultFlushEventListener.onFlush(DefaultFlushEventListener.java:56)
	at org.hibernate.internal.SessionImpl.flush(SessionImpl.java:1258)
	at org.hibernate.internal.SessionImpl.managedFlush(SessionImpl.java:425)
	at org.hibernate.engine.transaction.internal.jdbc.JdbcTransaction.beforeTransactionCommit(JdbcTransaction.java:101)
	at org.hibernate.engine.transaction.spi.AbstractTransactionImpl.commit(AbstractTransactionImpl.java:177)
	at edu.matc.streamSearch.persistence.UserDao.addUser(UserDao.java:58)
	at edu.matc.streamSearch.persistence.UserDaoTest.addUserTest(UserDaoTest.java:44)
	at sun.reflect.NativeMethodAccessorImpl.invoke0(Native Method)
	at sun.reflect.NativeMethodAccessorImpl.invoke(NativeMethodAccessorImpl.java:62)
	at sun.reflect.DelegatingMethodAccessorImpl.invoke(DelegatingMethodAccessorImpl.java:43)
	at java.lang.reflect.Method.invoke(Method.java:498)
	at org.junit.runners.model.FrameworkMethod$1.runReflectiveCall(FrameworkMethod.java:50)
	at org.junit.internal.runners.model.ReflectiveCallable.run(ReflectiveCallable.java:12)
	at org.junit.runners.model.FrameworkMethod.invokeExplosively(FrameworkMethod.java:47)
	at org.junit.internal.runners.statements.InvokeMethod.evaluate(InvokeMethod.java:17)
	at org.junit.internal.runners.statements.RunBefores.evaluate(RunBefores.java:26)
	at org.junit.runners.ParentRunner.runLeaf(ParentRunner.java:325)
	at org.junit.runners.BlockJUnit4ClassRunner.runChild(BlockJUnit4ClassRunner.java:78)
	at org.junit.runners.BlockJUnit4ClassRunner.runChild(BlockJUnit4ClassRunner.java:57)
	at org.junit.runners.ParentRunner$3.run(ParentRunner.java:290)
	at org.junit.runners.ParentRunner$1.schedule(ParentRunner.java:71)
	at org.junit.runners.ParentRunner.runChildren(ParentRunner.java:288)
	at org.junit.runners.ParentRunner.access$000(ParentRunner.java:58)
	at org.junit.runners.ParentRunner$2.evaluate(ParentRunner.java:268)
	at org.junit.runners.ParentRunner.run(ParentRunner.java:363)
	at org.junit.runner.JUnitCore.run(JUnitCore.java:137)
	at com.intellij.junit4.JUnit4IdeaTestRunner.startRunnerWithArgs(JUnit4IdeaTestRunner.java:68)
	at com.intellij.rt.execution.junit.IdeaTestRunner$Repeater.startRunnerWithArgs(IdeaTestRunner.java:47)
	at com.intellij.rt.execution.junit.JUnitStarter.prepareStreamsAndStart(JUnitStarter.java:242)
	at com.intellij.rt.execution.junit.JUnitStarter.main(JUnitStarter.java:70)
Caused by: com.mysql.jdbc.exceptions.jdbc4.MySQLSyntaxErrorException: Table 'streamsearchtest.User' doesn't exist
	at sun.reflect.NativeConstructorAccessorImpl.newInstance0(Native Method)
	at sun.reflect.NativeConstructorAccessorImpl.newInstance(NativeConstructorAccessorImpl.java:62)
	at sun.reflect.DelegatingConstructorAccessorImpl.newInstance(DelegatingConstructorAccessorImpl.java:45)
	at java.lang.reflect.Constructor.newInstance(Constructor.java:423)
	at com.mysql.jdbc.Util.handleNewInstance(Util.java:404)
	at com.mysql.jdbc.Util.getInstance(Util.java:387)
	at com.mysql.jdbc.SQLError.createSQLException(SQLError.java:942)
	at com.mysql.jdbc.MysqlIO.checkErrorPacket(MysqlIO.java:3966)
	at com.mysql.jdbc.MysqlIO.checkErrorPacket(MysqlIO.java:3902)
	at com.mysql.jdbc.MysqlIO.sendCommand(MysqlIO.java:2526)
	at com.mysql.jdbc.MysqlIO.sqlQueryDirect(MysqlIO.java:2673)
	at com.mysql.jdbc.ConnectionImpl.execSQL(ConnectionImpl.java:2549)
	at com.mysql.jdbc.PreparedStatement.executeInternal(PreparedStatement.java:1861)
	at com.mysql.jdbc.PreparedStatement.executeUpdateInternal(PreparedStatement.java:2073)
	at com.mysql.jdbc.PreparedStatement.executeUpdateInternal(PreparedStatement.java:2009)
	at com.mysql.jdbc.PreparedStatement.executeLargeUpdate(PreparedStatement.java:5098)
	at com.mysql.jdbc.PreparedStatement.executeUpdate(PreparedStatement.java:1994)
	at org.hibernate.engine.jdbc.internal.ResultSetReturnImpl.executeUpdate(ResultSetReturnImpl.java:208)
	... 37 more
2017-10-03 22:52:21,383 10782 [main] WARN  org.hibernate.engine.jdbc.spi.SqlExceptionHelper  - SQL Error: 1146, SQLState: 42S02
2017-10-03 22:52:21,383 10782 [main] ERROR org.hibernate.engine.jdbc.spi.SqlExceptionHelper  - Table 'streamsearchtest.User' doesn't exist
2017-10-03 22:52:21,384 10783 [main] INFO  org.hibernate.event.internal.DefaultLoadEventListener  - HHH000327: Error performing load command : org.hibernate.exception.SQLGrammarException: could not extract ResultSet
2017-10-03 22:52:21,384 10783 [main] ERROR edu.matc.streamSearch.persistence.UserDao  - Error retrieving username: testuser4
org.hibernate.exception.SQLGrammarException: could not extract ResultSet
	at org.hibernate.exception.internal.SQLExceptionTypeDelegate.convert(SQLExceptionTypeDelegate.java:80)
	at org.hibernate.exception.internal.StandardSQLExceptionConverter.convert(StandardSQLExceptionConverter.java:49)
	at org.hibernate.engine.jdbc.spi.SqlExceptionHelper.convert(SqlExceptionHelper.java:126)
	at org.hibernate.engine.jdbc.spi.SqlExceptionHelper.convert(SqlExceptionHelper.java:112)
	at org.hibernate.engine.jdbc.internal.ResultSetReturnImpl.extract(ResultSetReturnImpl.java:91)
	at org.hibernate.loader.plan.exec.internal.AbstractLoadPlanBasedLoader.getResultSet(AbstractLoadPlanBasedLoader.java:449)
	at org.hibernate.loader.plan.exec.internal.AbstractLoadPlanBasedLoader.executeQueryStatement(AbstractLoadPlanBasedLoader.java:202)
	at org.hibernate.loader.plan.exec.internal.AbstractLoadPlanBasedLoader.executeLoad(AbstractLoadPlanBasedLoader.java:137)
	at org.hibernate.loader.plan.exec.internal.AbstractLoadPlanBasedLoader.executeLoad(AbstractLoadPlanBasedLoader.java:102)
	at org.hibernate.loader.entity.plan.AbstractLoadPlanBasedEntityLoader.load(AbstractLoadPlanBasedEntityLoader.java:186)
	at org.hibernate.persister.entity.AbstractEntityPersister.load(AbstractEntityPersister.java:4126)
	at org.hibernate.event.internal.DefaultLoadEventListener.loadFromDatasource(DefaultLoadEventListener.java:503)
	at org.hibernate.event.internal.DefaultLoadEventListener.doLoad(DefaultLoadEventListener.java:468)
	at org.hibernate.event.internal.DefaultLoadEventListener.load(DefaultLoadEventListener.java:213)
	at org.hibernate.event.internal.DefaultLoadEventListener.proxyOrLoad(DefaultLoadEventListener.java:275)
	at org.hibernate.event.internal.DefaultLoadEventListener.onLoad(DefaultLoadEventListener.java:151)
	at org.hibernate.internal.SessionImpl.fireLoad(SessionImpl.java:1106)
	at org.hibernate.internal.SessionImpl.access$2000(SessionImpl.java:176)
	at org.hibernate.internal.SessionImpl$IdentifierLoadAccessImpl.load(SessionImpl.java:2587)
	at org.hibernate.internal.SessionImpl.get(SessionImpl.java:991)
	at edu.matc.streamSearch.persistence.UserDao.getUser(UserDao.java:33)
	at edu.matc.streamSearch.persistence.UserDaoTest.addUserTest(UserDaoTest.java:46)
	at sun.reflect.NativeMethodAccessorImpl.invoke0(Native Method)
	at sun.reflect.NativeMethodAccessorImpl.invoke(NativeMethodAccessorImpl.java:62)
	at sun.reflect.DelegatingMethodAccessorImpl.invoke(DelegatingMethodAccessorImpl.java:43)
	at java.lang.reflect.Method.invoke(Method.java:498)
	at org.junit.runners.model.FrameworkMethod$1.runReflectiveCall(FrameworkMethod.java:50)
	at org.junit.internal.runners.model.ReflectiveCallable.run(ReflectiveCallable.java:12)
	at org.junit.runners.model.FrameworkMethod.invokeExplosively(FrameworkMethod.java:47)
	at org.junit.internal.runners.statements.InvokeMethod.evaluate(InvokeMethod.java:17)
	at org.junit.internal.runners.statements.RunBefores.evaluate(RunBefores.java:26)
	at org.junit.runners.ParentRunner.runLeaf(ParentRunner.java:325)
	at org.junit.runners.BlockJUnit4ClassRunner.runChild(BlockJUnit4ClassRunner.java:78)
	at org.junit.runners.BlockJUnit4ClassRunner.runChild(BlockJUnit4ClassRunner.java:57)
	at org.junit.runners.ParentRunner$3.run(ParentRunner.java:290)
	at org.junit.runners.ParentRunner$1.schedule(ParentRunner.java:71)
	at org.junit.runners.ParentRunner.runChildren(ParentRunner.java:288)
	at org.junit.runners.ParentRunner.access$000(ParentRunner.java:58)
	at org.junit.runners.ParentRunner$2.evaluate(ParentRunner.java:268)
	at org.junit.runners.ParentRunner.run(ParentRunner.java:363)
	at org.junit.runner.JUnitCore.run(JUnitCore.java:137)
	at com.intellij.junit4.JUnit4IdeaTestRunner.startRunnerWithArgs(JUnit4IdeaTestRunner.java:68)
	at com.intellij.rt.execution.junit.IdeaTestRunner$Repeater.startRunnerWithArgs(IdeaTestRunner.java:47)
	at com.intellij.rt.execution.junit.JUnitStarter.prepareStreamsAndStart(JUnitStarter.java:242)
	at com.intellij.rt.execution.junit.JUnitStarter.main(JUnitStarter.java:70)
Caused by: com.mysql.jdbc.exceptions.jdbc4.MySQLSyntaxErrorException: Table 'streamsearchtest.User' doesn't exist
	at sun.reflect.NativeConstructorAccessorImpl.newInstance0(Native Method)
	at sun.reflect.NativeConstructorAccessorImpl.newInstance(NativeConstructorAccessorImpl.java:62)
	at sun.reflect.DelegatingConstructorAccessorImpl.newInstance(DelegatingConstructorAccessorImpl.java:45)
	at java.lang.reflect.Constructor.newInstance(Constructor.java:423)
	at com.mysql.jdbc.Util.handleNewInstance(Util.java:404)
	at com.mysql.jdbc.Util.getInstance(Util.java:387)
	at com.mysql.jdbc.SQLError.createSQLException(SQLError.java:942)
	at com.mysql.jdbc.MysqlIO.checkErrorPacket(MysqlIO.java:3966)
	at com.mysql.jdbc.MysqlIO.checkErrorPacket(MysqlIO.java:3902)
	at com.mysql.jdbc.MysqlIO.sendCommand(MysqlIO.java:2526)
	at com.mysql.jdbc.MysqlIO.sqlQueryDirect(MysqlIO.java:2673)
	at com.mysql.jdbc.ConnectionImpl.execSQL(ConnectionImpl.java:2549)
	at com.mysql.jdbc.PreparedStatement.executeInternal(PreparedStatement.java:1861)
	at com.mysql.jdbc.PreparedStatement.executeQuery(PreparedStatement.java:1962)
	at org.hibernate.engine.jdbc.internal.ResultSetReturnImpl.extract(ResultSetReturnImpl.java:82)
	... 40 more
2017-10-03 22:52:21,427 10826 [main] WARN  org.hibernate.engine.jdbc.spi.SqlExceptionHelper  - SQL Warning Code: 1146, SQLState: 42S02
2017-10-03 22:52:21,427 10826 [main] WARN  org.hibernate.engine.jdbc.spi.SqlExceptionHelper  - Table 'streamsearchtest.User' doesn't exist
2017-10-03 22:52:21,722 11121 [main] WARN  org.hibernate.engine.jdbc.spi.SqlExceptionHelper  - SQL Error: 1146, SQLState: 42S02
2017-10-03 22:52:21,722 11121 [main] ERROR org.hibernate.engine.jdbc.spi.SqlExceptionHelper  - Table 'streamsearchtest.User' doesn't exist
2017-10-03 22:52:21,826 11225 [main] WARN  org.hibernate.engine.jdbc.spi.SqlExceptionHelper  - SQL Error: 1146, SQLState: 42S02
2017-10-03 22:52:21,826 11225 [main] ERROR org.hibernate.engine.jdbc.spi.SqlExceptionHelper  - Table 'streamsearchtest.User' doesn't exist
2017-10-03 22:52:21,826 11225 [main] INFO  org.hibernate.event.internal.DefaultLoadEventListener  - HHH000327: Error performing load command : org.hibernate.exception.SQLGrammarException: could not extract ResultSet
2017-10-03 22:52:21,826 11225 [main] ERROR edu.matc.streamSearch.persistence.UserDao  - Error retrieving username: testuser2
org.hibernate.exception.SQLGrammarException: could not extract ResultSet
	at org.hibernate.exception.internal.SQLExceptionTypeDelegate.convert(SQLExceptionTypeDelegate.java:80)
	at org.hibernate.exception.internal.StandardSQLExceptionConverter.convert(StandardSQLExceptionConverter.java:49)
	at org.hibernate.engine.jdbc.spi.SqlExceptionHelper.convert(SqlExceptionHelper.java:126)
	at org.hibernate.engine.jdbc.spi.SqlExceptionHelper.convert(SqlExceptionHelper.java:112)
	at org.hibernate.engine.jdbc.internal.ResultSetReturnImpl.extract(ResultSetReturnImpl.java:91)
	at org.hibernate.loader.plan.exec.internal.AbstractLoadPlanBasedLoader.getResultSet(AbstractLoadPlanBasedLoader.java:449)
	at org.hibernate.loader.plan.exec.internal.AbstractLoadPlanBasedLoader.executeQueryStatement(AbstractLoadPlanBasedLoader.java:202)
	at org.hibernate.loader.plan.exec.internal.AbstractLoadPlanBasedLoader.executeLoad(AbstractLoadPlanBasedLoader.java:137)
	at org.hibernate.loader.plan.exec.internal.AbstractLoadPlanBasedLoader.executeLoad(AbstractLoadPlanBasedLoader.java:102)
	at org.hibernate.loader.entity.plan.AbstractLoadPlanBasedEntityLoader.load(AbstractLoadPlanBasedEntityLoader.java:186)
	at org.hibernate.persister.entity.AbstractEntityPersister.load(AbstractEntityPersister.java:4126)
	at org.hibernate.event.internal.DefaultLoadEventListener.loadFromDatasource(DefaultLoadEventListener.java:503)
	at org.hibernate.event.internal.DefaultLoadEventListener.doLoad(DefaultLoadEventListener.java:468)
	at org.hibernate.event.internal.DefaultLoadEventListener.load(DefaultLoadEventListener.java:213)
	at org.hibernate.event.internal.DefaultLoadEventListener.proxyOrLoad(DefaultLoadEventListener.java:275)
	at org.hibernate.event.internal.DefaultLoadEventListener.onLoad(DefaultLoadEventListener.java:151)
	at org.hibernate.internal.SessionImpl.fireLoad(SessionImpl.java:1106)
	at org.hibernate.internal.SessionImpl.access$2000(SessionImpl.java:176)
	at org.hibernate.internal.SessionImpl$IdentifierLoadAccessImpl.load(SessionImpl.java:2587)
	at org.hibernate.internal.SessionImpl.get(SessionImpl.java:991)
	at edu.matc.streamSearch.persistence.UserDao.getUser(UserDao.java:33)
	at edu.matc.streamSearch.persistence.UserDaoTest.getUserTest(UserDaoTest.java:33)
	at sun.reflect.NativeMethodAccessorImpl.invoke0(Native Method)
	at sun.reflect.NativeMethodAccessorImpl.invoke(NativeMethodAccessorImpl.java:62)
	at sun.reflect.DelegatingMethodAccessorImpl.invoke(DelegatingMethodAccessorImpl.java:43)
	at java.lang.reflect.Method.invoke(Method.java:498)
	at org.junit.runners.model.FrameworkMethod$1.runReflectiveCall(FrameworkMethod.java:50)
	at org.junit.internal.runners.model.ReflectiveCallable.run(ReflectiveCallable.java:12)
	at org.junit.runners.model.FrameworkMethod.invokeExplosively(FrameworkMethod.java:47)
	at org.junit.internal.runners.statements.InvokeMethod.evaluate(InvokeMethod.java:17)
	at org.junit.internal.runners.statements.RunBefores.evaluate(RunBefores.java:26)
	at org.junit.runners.ParentRunner.runLeaf(ParentRunner.java:325)
	at org.junit.runners.BlockJUnit4ClassRunner.runChild(BlockJUnit4ClassRunner.java:78)
	at org.junit.runners.BlockJUnit4ClassRunner.runChild(BlockJUnit4ClassRunner.java:57)
	at org.junit.runners.ParentRunner$3.run(ParentRunner.java:290)
	at org.junit.runners.ParentRunner$1.schedule(ParentRunner.java:71)
	at org.junit.runners.ParentRunner.runChildren(ParentRunner.java:288)
	at org.junit.runners.ParentRunner.access$000(ParentRunner.java:58)
	at org.junit.runners.ParentRunner$2.evaluate(ParentRunner.java:268)
	at org.junit.runners.ParentRunner.run(ParentRunner.java:363)
	at org.junit.runner.JUnitCore.run(JUnitCore.java:137)
	at com.intellij.junit4.JUnit4IdeaTestRunner.startRunnerWithArgs(JUnit4IdeaTestRunner.java:68)
	at com.intellij.rt.execution.junit.IdeaTestRunner$Repeater.startRunnerWithArgs(IdeaTestRunner.java:47)
	at com.intellij.rt.execution.junit.JUnitStarter.prepareStreamsAndStart(JUnitStarter.java:242)
	at com.intellij.rt.execution.junit.JUnitStarter.main(JUnitStarter.java:70)
Caused by: com.mysql.jdbc.exceptions.jdbc4.MySQLSyntaxErrorException: Table 'streamsearchtest.User' doesn't exist
	at sun.reflect.NativeConstructorAccessorImpl.newInstance0(Native Method)
	at sun.reflect.NativeConstructorAccessorImpl.newInstance(NativeConstructorAccessorImpl.java:62)
	at sun.reflect.DelegatingConstructorAccessorImpl.newInstance(DelegatingConstructorAccessorImpl.java:45)
	at java.lang.reflect.Constructor.newInstance(Constructor.java:423)
	at com.mysql.jdbc.Util.handleNewInstance(Util.java:404)
	at com.mysql.jdbc.Util.getInstance(Util.java:387)
	at com.mysql.jdbc.SQLError.createSQLException(SQLError.java:942)
	at com.mysql.jdbc.MysqlIO.checkErrorPacket(MysqlIO.java:3966)
	at com.mysql.jdbc.MysqlIO.checkErrorPacket(MysqlIO.java:3902)
	at com.mysql.jdbc.MysqlIO.sendCommand(MysqlIO.java:2526)
	at com.mysql.jdbc.MysqlIO.sqlQueryDirect(MysqlIO.java:2673)
	at com.mysql.jdbc.ConnectionImpl.execSQL(ConnectionImpl.java:2549)
	at com.mysql.jdbc.PreparedStatement.executeInternal(PreparedStatement.java:1861)
	at com.mysql.jdbc.PreparedStatement.executeQuery(PreparedStatement.java:1962)
	at org.hibernate.engine.jdbc.internal.ResultSetReturnImpl.extract(ResultSetReturnImpl.java:82)
	... 40 more
2017-10-03 22:52:21,842 11241 [main] WARN  org.hibernate.engine.jdbc.spi.SqlExceptionHelper  - SQL Warning Code: 1146, SQLState: 42S02
2017-10-03 22:52:21,842 11241 [main] WARN  org.hibernate.engine.jdbc.spi.SqlExceptionHelper  - Table 'streamsearchtest.User' doesn't exist
2017-10-03 22:58:22,022 0    [main] INFO  org.hibernate.annotations.common.Version  - HCANN000001: Hibernate Commons Annotations {4.0.5.Final}
2017-10-03 22:58:22,062 40   [main] INFO  org.hibernate.Version  - HHH000412: Hibernate Core {4.3.11.Final}
2017-10-03 22:58:22,069 47   [main] INFO  org.hibernate.cfg.Environment  - HHH000206: hibernate.properties not found
2017-10-03 22:58:22,079 57   [main] INFO  org.hibernate.cfg.Environment  - HHH000021: Bytecode provider name : javassist
2017-10-03 22:58:22,200 178  [main] INFO  org.hibernate.cfg.Configuration  - HHH000043: Configuring from resource: /hibernate.cfg.xml
2017-10-03 22:58:22,201 179  [main] INFO  org.hibernate.cfg.Configuration  - HHH000040: Configuration resource: /hibernate.cfg.xml
2017-10-03 22:58:22,607 585  [main] INFO  org.hibernate.cfg.Configuration  - HHH000041: Configured SessionFactory: null
2017-10-03 22:58:23,266 1244 [main] WARN  org.hibernate.engine.jdbc.connections.internal.DriverManagerConnectionProviderImpl  - HHH000402: Using Hibernate built-in connection pool (not for production use!)
2017-10-03 22:58:23,321 1299 [main] INFO  org.hibernate.engine.jdbc.connections.internal.DriverManagerConnectionProviderImpl  - HHH000401: using driver [com.mysql.jdbc.Driver] at URL [jdbc:mysql://localhost:3306/streamsearchtest]
2017-10-03 22:58:23,333 1311 [main] INFO  org.hibernate.engine.jdbc.connections.internal.DriverManagerConnectionProviderImpl  - HHH000046: Connection properties: {user=root, password=****}
2017-10-03 22:58:23,334 1312 [main] INFO  org.hibernate.engine.jdbc.connections.internal.DriverManagerConnectionProviderImpl  - HHH000006: Autocommit mode: false
2017-10-03 22:58:23,349 1327 [main] INFO  org.hibernate.engine.jdbc.connections.internal.DriverManagerConnectionProviderImpl  - HHH000115: Hibernate connection pool size: 20 (min=1)
2017-10-03 22:58:25,522 3500 [main] INFO  org.hibernate.dialect.Dialect  - HHH000400: Using dialect: org.hibernate.dialect.MySQL5Dialect
2017-10-03 22:58:26,624 4602 [main] INFO  org.hibernate.engine.transaction.internal.TransactionFactoryInitiator  - HHH000399: Using default transaction strategy (direct JDBC transactions)
2017-10-03 22:58:26,653 4631 [main] INFO  org.hibernate.hql.internal.ast.ASTQueryTranslatorFactory  - HHH000397: Using ASTQueryTranslatorFactory
2017-10-03 22:58:39,888 0    [main] INFO  org.hibernate.annotations.common.Version  - HCANN000001: Hibernate Commons Annotations {4.0.5.Final}
2017-10-03 22:58:39,924 36   [main] INFO  org.hibernate.Version  - HHH000412: Hibernate Core {4.3.11.Final}
2017-10-03 22:58:39,928 40   [main] INFO  org.hibernate.cfg.Environment  - HHH000206: hibernate.properties not found
2017-10-03 22:58:39,935 47   [main] INFO  org.hibernate.cfg.Environment  - HHH000021: Bytecode provider name : javassist
2017-10-03 22:58:40,073 185  [main] INFO  org.hibernate.cfg.Configuration  - HHH000043: Configuring from resource: /hibernate.cfg.xml
2017-10-03 22:58:40,074 186  [main] INFO  org.hibernate.cfg.Configuration  - HHH000040: Configuration resource: /hibernate.cfg.xml
2017-10-03 22:58:40,422 534  [main] INFO  org.hibernate.cfg.Configuration  - HHH000041: Configured SessionFactory: null
2017-10-03 22:58:40,922 1034 [main] WARN  org.hibernate.engine.jdbc.connections.internal.DriverManagerConnectionProviderImpl  - HHH000402: Using Hibernate built-in connection pool (not for production use!)
2017-10-03 22:58:40,966 1078 [main] INFO  org.hibernate.engine.jdbc.connections.internal.DriverManagerConnectionProviderImpl  - HHH000401: using driver [com.mysql.jdbc.Driver] at URL [jdbc:mysql://localhost:3306/streamsearchtest]
2017-10-03 22:58:40,977 1089 [main] INFO  org.hibernate.engine.jdbc.connections.internal.DriverManagerConnectionProviderImpl  - HHH000046: Connection properties: {user=root, password=****}
2017-10-03 22:58:40,980 1092 [main] INFO  org.hibernate.engine.jdbc.connections.internal.DriverManagerConnectionProviderImpl  - HHH000006: Autocommit mode: false
2017-10-03 22:58:40,993 1105 [main] INFO  org.hibernate.engine.jdbc.connections.internal.DriverManagerConnectionProviderImpl  - HHH000115: Hibernate connection pool size: 20 (min=1)
2017-10-03 22:58:42,744 2856 [main] INFO  org.hibernate.dialect.Dialect  - HHH000400: Using dialect: org.hibernate.dialect.MySQL5Dialect
2017-10-03 22:58:43,659 3771 [main] INFO  org.hibernate.engine.transaction.internal.TransactionFactoryInitiator  - HHH000399: Using default transaction strategy (direct JDBC transactions)
2017-10-03 22:58:43,694 3806 [main] INFO  org.hibernate.hql.internal.ast.ASTQueryTranslatorFactory  - HHH000397: Using ASTQueryTranslatorFactory
2017-10-03 23:09:31,730 0    [main] INFO  org.hibernate.annotations.common.Version  - HCANN000001: Hibernate Commons Annotations {4.0.5.Final}
2017-10-03 23:09:31,782 52   [main] INFO  org.hibernate.Version  - HHH000412: Hibernate Core {4.3.11.Final}
2017-10-03 23:09:31,791 61   [main] INFO  org.hibernate.cfg.Environment  - HHH000206: hibernate.properties not found
2017-10-03 23:09:31,796 66   [main] INFO  org.hibernate.cfg.Environment  - HHH000021: Bytecode provider name : javassist
2017-10-03 23:09:31,878 148  [main] INFO  org.hibernate.cfg.Configuration  - HHH000043: Configuring from resource: /hibernate.cfg.xml
2017-10-03 23:09:31,878 148  [main] INFO  org.hibernate.cfg.Configuration  - HHH000040: Configuration resource: /hibernate.cfg.xml
2017-10-03 23:09:32,155 425  [main] INFO  org.hibernate.cfg.Configuration  - HHH000041: Configured SessionFactory: null
2017-10-03 23:09:32,685 955  [main] WARN  org.hibernate.engine.jdbc.connections.internal.DriverManagerConnectionProviderImpl  - HHH000402: Using Hibernate built-in connection pool (not for production use!)
2017-10-03 23:09:32,719 989  [main] INFO  org.hibernate.engine.jdbc.connections.internal.DriverManagerConnectionProviderImpl  - HHH000401: using driver [com.mysql.jdbc.Driver] at URL [jdbc:mysql://localhost:3306/streamsearchtest]
2017-10-03 23:09:32,724 994  [main] INFO  org.hibernate.engine.jdbc.connections.internal.DriverManagerConnectionProviderImpl  - HHH000046: Connection properties: {user=root, password=****}
2017-10-03 23:09:32,726 996  [main] INFO  org.hibernate.engine.jdbc.connections.internal.DriverManagerConnectionProviderImpl  - HHH000006: Autocommit mode: false
2017-10-03 23:09:32,733 1003 [main] INFO  org.hibernate.engine.jdbc.connections.internal.DriverManagerConnectionProviderImpl  - HHH000115: Hibernate connection pool size: 20 (min=1)
2017-10-03 23:09:34,021 2291 [main] INFO  org.hibernate.dialect.Dialect  - HHH000400: Using dialect: org.hibernate.dialect.MySQL5Dialect
2017-10-03 23:09:36,645 4915 [main] INFO  org.hibernate.engine.transaction.internal.TransactionFactoryInitiator  - HHH000399: Using default transaction strategy (direct JDBC transactions)
2017-10-03 23:09:36,653 4923 [main] INFO  org.hibernate.hql.internal.ast.ASTQueryTranslatorFactory  - HHH000397: Using ASTQueryTranslatorFactory
2017-10-03 23:09:38,079 6349 [main] INFO  org.hibernate.tool.hbm2ddl.SchemaExport  - HHH000227: Running hbm2ddl schema export
2017-10-03 23:09:42,524 10794 [main] ERROR org.hibernate.tool.hbm2ddl.SchemaExport  - HHH000389: Unsuccessful: drop table if exists user
2017-10-03 23:09:42,525 10795 [main] ERROR org.hibernate.tool.hbm2ddl.SchemaExport  - Cannot delete or update a parent row: a foreign key constraint fails
2017-10-03 23:09:43,065 11335 [main] ERROR org.hibernate.tool.hbm2ddl.SchemaExport  - HHH000389: Unsuccessful: create table user (user_name varchar(15) not null, user_email varchar(60) not null, user_pass varchar(15) not null, primary key (user_name))
2017-10-03 23:09:43,068 11338 [main] ERROR org.hibernate.tool.hbm2ddl.SchemaExport  - Table 'user' already exists
2017-10-03 23:09:43,085 11355 [main] ERROR org.hibernate.tool.hbm2ddl.SchemaExport  - HHH000388: Unsuccessful: DROP TABLE IF EXISTS `user`
2017-10-03 23:09:43,085 11355 [main] ERROR org.hibernate.tool.hbm2ddl.SchemaExport  - Cannot delete or update a parent row: a foreign key constraint fails
2017-10-03 23:09:43,086 11356 [main] ERROR org.hibernate.tool.hbm2ddl.SchemaExport  - HHH000388: Unsuccessful: CREATE TABLE `user` (
2017-10-03 23:09:43,086 11356 [main] ERROR org.hibernate.tool.hbm2ddl.SchemaExport  - You have an error in your SQL syntax; check the manual that corresponds to your MySQL server version for the right syntax to use near '' at line 1
2017-10-03 23:09:43,087 11357 [main] ERROR org.hibernate.tool.hbm2ddl.SchemaExport  - HHH000388: Unsuccessful: `user_name` varchar(15) NOT NULL,
2017-10-03 23:09:43,087 11357 [main] ERROR org.hibernate.tool.hbm2ddl.SchemaExport  - You have an error in your SQL syntax; check the manual that corresponds to your MySQL server version for the right syntax to use near '`user_name` varchar(15) NOT NULL,' at line 1
2017-10-03 23:09:43,087 11357 [main] ERROR org.hibernate.tool.hbm2ddl.SchemaExport  - HHH000388: Unsuccessful: `user_pass` varchar(15) NOT NULL,
2017-10-03 23:09:43,108 11378 [main] ERROR org.hibernate.tool.hbm2ddl.SchemaExport  - You have an error in your SQL syntax; check the manual that corresponds to your MySQL server version for the right syntax to use near '`user_pass` varchar(15) NOT NULL,' at line 1
2017-10-03 23:09:43,108 11378 [main] ERROR org.hibernate.tool.hbm2ddl.SchemaExport  - HHH000388: Unsuccessful: `user_email` varchar(60) NOT NULL,
2017-10-03 23:09:43,108 11378 [main] ERROR org.hibernate.tool.hbm2ddl.SchemaExport  - You have an error in your SQL syntax; check the manual that corresponds to your MySQL server version for the right syntax to use near '`user_email` varchar(60) NOT NULL,' at line 1
2017-10-03 23:09:43,113 11383 [main] ERROR org.hibernate.tool.hbm2ddl.SchemaExport  - HHH000388: Unsuccessful: PRIMARY KEY (`user_name`),
2017-10-03 23:09:43,113 11383 [main] ERROR org.hibernate.tool.hbm2ddl.SchemaExport  - You have an error in your SQL syntax; check the manual that corresponds to your MySQL server version for the right syntax to use near 'PRIMARY KEY (`user_name`),' at line 1
2017-10-03 23:09:43,118 11388 [main] ERROR org.hibernate.tool.hbm2ddl.SchemaExport  - HHH000388: Unsuccessful: UNIQUE KEY `uni_user_email` (`user_email`)
2017-10-03 23:09:43,118 11388 [main] ERROR org.hibernate.tool.hbm2ddl.SchemaExport  - You have an error in your SQL syntax; check the manual that corresponds to your MySQL server version for the right syntax to use near 'UNIQUE KEY `uni_user_email` (`user_email`)' at line 1
2017-10-03 23:09:43,119 11389 [main] ERROR org.hibernate.tool.hbm2ddl.SchemaExport  - HHH000388: Unsuccessful: ) ENGINE=InnoDB DEFAULT CHARSET=latin1
2017-10-03 23:09:43,119 11389 [main] ERROR org.hibernate.tool.hbm2ddl.SchemaExport  - You have an error in your SQL syntax; check the manual that corresponds to your MySQL server version for the right syntax to use near ') ENGINE=InnoDB DEFAULT CHARSET=latin1' at line 1
2017-10-03 23:09:43,178 11448 [main] ERROR org.hibernate.tool.hbm2ddl.SchemaExport  - HHH000388: Unsuccessful: INSERT INTO `user` VALUES ('testuser1','password1','test1@test.edu'),('testuser2','password2','test2@test.edu'),('testuser3','password3','test3@test.edu')
2017-10-03 23:09:43,178 11448 [main] ERROR org.hibernate.tool.hbm2ddl.SchemaExport  - Duplicate entry 'testuser1' for key 'PRIMARY'
2017-10-03 23:09:43,218 11488 [main] ERROR org.hibernate.tool.hbm2ddl.SchemaExport  - HHH000388: Unsuccessful: CREATE TABLE `user_roles` (
2017-10-03 23:09:43,218 11488 [main] ERROR org.hibernate.tool.hbm2ddl.SchemaExport  - You have an error in your SQL syntax; check the manual that corresponds to your MySQL server version for the right syntax to use near '' at line 1
2017-10-03 23:09:43,221 11491 [main] ERROR org.hibernate.tool.hbm2ddl.SchemaExport  - HHH000388: Unsuccessful: `user_name` varchar(15) NOT NULL,
2017-10-03 23:09:43,221 11491 [main] ERROR org.hibernate.tool.hbm2ddl.SchemaExport  - You have an error in your SQL syntax; check the manual that corresponds to your MySQL server version for the right syntax to use near '`user_name` varchar(15) NOT NULL,' at line 1
2017-10-03 23:09:43,221 11491 [main] ERROR org.hibernate.tool.hbm2ddl.SchemaExport  - HHH000388: Unsuccessful: `role_name` varchar(15) NOT NULL,
2017-10-03 23:09:43,222 11492 [main] ERROR org.hibernate.tool.hbm2ddl.SchemaExport  - You have an error in your SQL syntax; check the manual that corresponds to your MySQL server version for the right syntax to use near '`role_name` varchar(15) NOT NULL,' at line 1
2017-10-03 23:09:43,222 11492 [main] ERROR org.hibernate.tool.hbm2ddl.SchemaExport  - HHH000388: Unsuccessful: PRIMARY KEY (`user_name`),
2017-10-03 23:09:43,222 11492 [main] ERROR org.hibernate.tool.hbm2ddl.SchemaExport  - You have an error in your SQL syntax; check the manual that corresponds to your MySQL server version for the right syntax to use near 'PRIMARY KEY (`user_name`),' at line 1
2017-10-03 23:09:43,223 11493 [main] ERROR org.hibernate.tool.hbm2ddl.SchemaExport  - HHH000388: Unsuccessful: KEY `fk_user_name` (`user_name`),
2017-10-03 23:09:43,223 11493 [main] ERROR org.hibernate.tool.hbm2ddl.SchemaExport  - You have an error in your SQL syntax; check the manual that corresponds to your MySQL server version for the right syntax to use near 'KEY `fk_user_name` (`user_name`),' at line 1
2017-10-03 23:09:43,223 11493 [main] ERROR org.hibernate.tool.hbm2ddl.SchemaExport  - HHH000388: Unsuccessful: CONSTRAINT `fk_user_name` FOREIGN KEY (`user_name`) REFERENCES `user` (`user_name`) ON DELETE CASCADE ON UPDATE CASCADE
2017-10-03 23:09:43,229 11499 [main] ERROR org.hibernate.tool.hbm2ddl.SchemaExport  - You have an error in your SQL syntax; check the manual that corresponds to your MySQL server version for the right syntax to use near 'CONSTRAINT `fk_user_name` FOREIGN KEY (`user_name`) REFERENCES `user` (`user_nam' at line 1
2017-10-03 23:09:43,242 11512 [main] ERROR org.hibernate.tool.hbm2ddl.SchemaExport  - HHH000388: Unsuccessful: ) ENGINE=InnoDB DEFAULT CHARSET=latin1
2017-10-03 23:09:43,242 11512 [main] ERROR org.hibernate.tool.hbm2ddl.SchemaExport  - You have an error in your SQL syntax; check the manual that corresponds to your MySQL server version for the right syntax to use near ') ENGINE=InnoDB DEFAULT CHARSET=latin1' at line 1
2017-10-03 23:09:43,244 11514 [main] ERROR org.hibernate.tool.hbm2ddl.SchemaExport  - HHH000388: Unsuccessful: LOCK TABLES `user_roles` WRITE
2017-10-03 23:09:43,244 11514 [main] ERROR org.hibernate.tool.hbm2ddl.SchemaExport  - Table 'streamsearchtest.user_roles' doesn't exist
2017-10-03 23:09:43,250 11520 [main] ERROR org.hibernate.tool.hbm2ddl.SchemaExport  - HHH000388: Unsuccessful: INSERT INTO `user_roles` VALUES ('testuser1','user'),('testuser2','user'),('testuser3','user')
2017-10-03 23:09:43,250 11520 [main] ERROR org.hibernate.tool.hbm2ddl.SchemaExport  - Table 'streamsearchtest.user_roles' doesn't exist
2017-10-03 23:09:43,253 11523 [main] INFO  org.hibernate.tool.hbm2ddl.SchemaExport  - HHH000230: Schema export complete
2017-10-03 23:12:05,675 0    [main] INFO  org.hibernate.annotations.common.Version  - HCANN000001: Hibernate Commons Annotations {4.0.5.Final}
2017-10-03 23:12:05,747 72   [main] INFO  org.hibernate.Version  - HHH000412: Hibernate Core {4.3.11.Final}
2017-10-03 23:12:05,759 84   [main] INFO  org.hibernate.cfg.Environment  - HHH000206: hibernate.properties not found
2017-10-03 23:12:05,767 92   [main] INFO  org.hibernate.cfg.Environment  - HHH000021: Bytecode provider name : javassist
2017-10-03 23:12:05,866 191  [main] INFO  org.hibernate.cfg.Configuration  - HHH000043: Configuring from resource: /hibernate.cfg.xml
2017-10-03 23:12:05,867 192  [main] INFO  org.hibernate.cfg.Configuration  - HHH000040: Configuration resource: /hibernate.cfg.xml
2017-10-03 23:12:06,176 501  [main] INFO  org.hibernate.cfg.Configuration  - HHH000041: Configured SessionFactory: null
2017-10-03 23:12:06,695 1020 [main] WARN  org.hibernate.engine.jdbc.connections.internal.DriverManagerConnectionProviderImpl  - HHH000402: Using Hibernate built-in connection pool (not for production use!)
2017-10-03 23:12:06,730 1055 [main] INFO  org.hibernate.engine.jdbc.connections.internal.DriverManagerConnectionProviderImpl  - HHH000401: using driver [com.mysql.jdbc.Driver] at URL [jdbc:mysql://localhost:3306/streamsearchtest]
2017-10-03 23:12:06,735 1060 [main] INFO  org.hibernate.engine.jdbc.connections.internal.DriverManagerConnectionProviderImpl  - HHH000046: Connection properties: {user=root, password=****}
2017-10-03 23:12:06,736 1061 [main] INFO  org.hibernate.engine.jdbc.connections.internal.DriverManagerConnectionProviderImpl  - HHH000006: Autocommit mode: false
2017-10-03 23:12:06,741 1066 [main] INFO  org.hibernate.engine.jdbc.connections.internal.DriverManagerConnectionProviderImpl  - HHH000115: Hibernate connection pool size: 20 (min=1)
2017-10-03 23:12:08,312 2637 [main] INFO  org.hibernate.dialect.Dialect  - HHH000400: Using dialect: org.hibernate.dialect.MySQL5Dialect
2017-10-03 23:12:09,387 3712 [main] INFO  org.hibernate.engine.transaction.internal.TransactionFactoryInitiator  - HHH000399: Using default transaction strategy (direct JDBC transactions)
2017-10-03 23:12:09,420 3745 [main] INFO  org.hibernate.hql.internal.ast.ASTQueryTranslatorFactory  - HHH000397: Using ASTQueryTranslatorFactory
2017-10-03 23:12:11,694 6019 [main] INFO  org.hibernate.tool.hbm2ddl.SchemaExport  - HHH000227: Running hbm2ddl schema export
2017-10-03 23:12:12,195 6520 [main] INFO  org.hibernate.tool.hbm2ddl.SchemaExport  - HHH000230: Schema export complete
2017-10-03 23:33:49,811 0    [main] INFO  org.hibernate.annotations.common.Version  - HCANN000001: Hibernate Commons Annotations {4.0.5.Final}
2017-10-03 23:33:49,834 23   [main] INFO  org.hibernate.Version  - HHH000412: Hibernate Core {4.3.11.Final}
2017-10-03 23:33:49,848 37   [main] INFO  org.hibernate.cfg.Environment  - HHH000206: hibernate.properties not found
2017-10-03 23:33:49,858 47   [main] INFO  org.hibernate.cfg.Environment  - HHH000021: Bytecode provider name : javassist
2017-10-03 23:33:49,964 153  [main] INFO  org.hibernate.cfg.Configuration  - HHH000043: Configuring from resource: /hibernate.cfg.xml
2017-10-03 23:33:49,965 154  [main] INFO  org.hibernate.cfg.Configuration  - HHH000040: Configuration resource: /hibernate.cfg.xml
2017-10-03 23:33:50,298 487  [main] INFO  org.hibernate.cfg.Configuration  - HHH000041: Configured SessionFactory: null
2017-10-03 23:33:51,208 1397 [main] WARN  org.hibernate.engine.jdbc.connections.internal.DriverManagerConnectionProviderImpl  - HHH000402: Using Hibernate built-in connection pool (not for production use!)
2017-10-03 23:33:51,240 1429 [main] INFO  org.hibernate.engine.jdbc.connections.internal.DriverManagerConnectionProviderImpl  - HHH000401: using driver [com.mysql.jdbc.Driver] at URL [jdbc:mysql://localhost:3306/streamsearchtest]
2017-10-03 23:33:51,245 1434 [main] INFO  org.hibernate.engine.jdbc.connections.internal.DriverManagerConnectionProviderImpl  - HHH000046: Connection properties: {user=root, password=****}
2017-10-03 23:33:51,247 1436 [main] INFO  org.hibernate.engine.jdbc.connections.internal.DriverManagerConnectionProviderImpl  - HHH000006: Autocommit mode: false
2017-10-03 23:33:51,253 1442 [main] INFO  org.hibernate.engine.jdbc.connections.internal.DriverManagerConnectionProviderImpl  - HHH000115: Hibernate connection pool size: 20 (min=1)
2017-10-03 23:33:53,500 3689 [main] INFO  org.hibernate.dialect.Dialect  - HHH000400: Using dialect: org.hibernate.dialect.MySQL5Dialect
2017-10-03 23:33:55,362 5551 [main] INFO  org.hibernate.engine.transaction.internal.TransactionFactoryInitiator  - HHH000399: Using default transaction strategy (direct JDBC transactions)
2017-10-03 23:33:55,413 5602 [main] INFO  org.hibernate.hql.internal.ast.ASTQueryTranslatorFactory  - HHH000397: Using ASTQueryTranslatorFactory
2017-10-03 23:33:57,702 7891 [main] INFO  org.hibernate.tool.hbm2ddl.SchemaExport  - HHH000227: Running hbm2ddl schema export
2017-10-03 23:33:58,158 8347 [main] ERROR org.hibernate.tool.hbm2ddl.SchemaExport  - HHH000389: Unsuccessful: drop table if exists user
2017-10-03 23:33:58,158 8347 [main] ERROR org.hibernate.tool.hbm2ddl.SchemaExport  - Cannot delete or update a parent row: a foreign key constraint fails
2017-10-03 23:33:58,207 8396 [main] ERROR org.hibernate.tool.hbm2ddl.SchemaExport  - HHH000389: Unsuccessful: create table user (user_name varchar(15) not null, user_email varchar(60) not null, user_pass varchar(15) not null, primary key (user_name))
2017-10-03 23:33:58,208 8397 [main] ERROR org.hibernate.tool.hbm2ddl.SchemaExport  - Table 'user' already exists
2017-10-03 23:33:58,230 8419 [main] ERROR org.hibernate.tool.hbm2ddl.SchemaExport  - HHH000388: Unsuccessful: DROP TABLE IF EXISTS `user`
2017-10-03 23:33:58,230 8419 [main] ERROR org.hibernate.tool.hbm2ddl.SchemaExport  - Cannot delete or update a parent row: a foreign key constraint fails
2017-10-03 23:33:58,299 8488 [main] ERROR org.hibernate.tool.hbm2ddl.SchemaExport  - HHH000388: Unsuccessful: CREATE TABLE `user` (`user_name` varchar(15) NOT NULL,`user_pass` varchar(15) NOT NULL,`user_email` varchar(60) NOT NULL,PRIMARY KEY (`user_name`),UNIQUE KEY `uni_user_email` (`user_email`)) ENGINE=InnoDB DEFAULT CHARSET=latin1
2017-10-03 23:33:58,299 8488 [main] ERROR org.hibernate.tool.hbm2ddl.SchemaExport  - Table 'user' already exists
2017-10-03 23:33:58,300 8489 [main] ERROR org.hibernate.tool.hbm2ddl.SchemaExport  - HHH000388: Unsuccessful: INSERT INTO `user` VALUES ('testuser1','password1','test1@test.edu'),('testuser2','password2','test2@test.edu'),('testuser3','password3','test3@test.edu')
2017-10-03 23:33:58,300 8489 [main] ERROR org.hibernate.tool.hbm2ddl.SchemaExport  - Duplicate entry 'testuser1' for key 'PRIMARY'
2017-10-03 23:33:58,509 8698 [main] INFO  org.hibernate.tool.hbm2ddl.SchemaExport  - HHH000230: Schema export complete
2017-10-03 23:38:39,037 0    [main] INFO  org.hibernate.annotations.common.Version  - HCANN000001: Hibernate Commons Annotations {4.0.5.Final}
2017-10-03 23:38:39,120 83   [main] INFO  org.hibernate.Version  - HHH000412: Hibernate Core {4.3.11.Final}
2017-10-03 23:38:39,144 107  [main] INFO  org.hibernate.cfg.Environment  - HHH000206: hibernate.properties not found
2017-10-03 23:38:39,165 128  [main] INFO  org.hibernate.cfg.Environment  - HHH000021: Bytecode provider name : javassist
2017-10-03 23:38:39,361 324  [main] INFO  org.hibernate.cfg.Configuration  - HHH000043: Configuring from resource: /hibernate.cfg.xml
2017-10-03 23:38:39,362 325  [main] INFO  org.hibernate.cfg.Configuration  - HHH000040: Configuration resource: /hibernate.cfg.xml
2017-10-03 23:38:39,783 746  [main] INFO  org.hibernate.cfg.Configuration  - HHH000041: Configured SessionFactory: null
2017-10-03 23:38:40,431 1394 [main] WARN  org.hibernate.engine.jdbc.connections.internal.DriverManagerConnectionProviderImpl  - HHH000402: Using Hibernate built-in connection pool (not for production use!)
2017-10-03 23:38:40,462 1425 [main] INFO  org.hibernate.engine.jdbc.connections.internal.DriverManagerConnectionProviderImpl  - HHH000401: using driver [com.mysql.jdbc.Driver] at URL [jdbc:mysql://localhost:3306/streamsearchtest]
2017-10-03 23:38:40,470 1433 [main] INFO  org.hibernate.engine.jdbc.connections.internal.DriverManagerConnectionProviderImpl  - HHH000046: Connection properties: {user=root, password=****}
2017-10-03 23:38:40,473 1436 [main] INFO  org.hibernate.engine.jdbc.connections.internal.DriverManagerConnectionProviderImpl  - HHH000006: Autocommit mode: false
2017-10-03 23:38:40,488 1451 [main] INFO  org.hibernate.engine.jdbc.connections.internal.DriverManagerConnectionProviderImpl  - HHH000115: Hibernate connection pool size: 20 (min=1)
2017-10-03 23:38:42,863 3826 [main] INFO  org.hibernate.dialect.Dialect  - HHH000400: Using dialect: org.hibernate.dialect.MySQL5Dialect
2017-10-03 23:38:44,069 5032 [main] INFO  org.hibernate.engine.transaction.internal.TransactionFactoryInitiator  - HHH000399: Using default transaction strategy (direct JDBC transactions)
2017-10-03 23:38:44,101 5064 [main] INFO  org.hibernate.hql.internal.ast.ASTQueryTranslatorFactory  - HHH000397: Using ASTQueryTranslatorFactory
2017-10-03 23:38:46,850 7813 [main] INFO  org.hibernate.tool.hbm2ddl.SchemaExport  - HHH000227: Running hbm2ddl schema export
2017-10-03 23:38:46,991 7954 [main] ERROR org.hibernate.tool.hbm2ddl.SchemaExport  - HHH000389: Unsuccessful: drop table if exists user
2017-10-03 23:38:46,991 7954 [main] ERROR org.hibernate.tool.hbm2ddl.SchemaExport  - Cannot delete or update a parent row: a foreign key constraint fails
2017-10-03 23:38:47,051 8014 [main] ERROR org.hibernate.tool.hbm2ddl.SchemaExport  - HHH000389: Unsuccessful: create table user (user_name varchar(15) not null, user_email varchar(60) not null, user_pass varchar(15) not null, primary key (user_name))
2017-10-03 23:38:47,054 8017 [main] ERROR org.hibernate.tool.hbm2ddl.SchemaExport  - Table 'user' already exists
2017-10-03 23:38:47,076 8039 [main] ERROR org.hibernate.tool.hbm2ddl.SchemaExport  - HHH000388: Unsuccessful: DROP TABLE IF EXISTS `user`
2017-10-03 23:38:47,076 8039 [main] ERROR org.hibernate.tool.hbm2ddl.SchemaExport  - Cannot delete or update a parent row: a foreign key constraint fails
2017-10-03 23:38:47,079 8042 [main] ERROR org.hibernate.tool.hbm2ddl.SchemaExport  - HHH000388: Unsuccessful: CREATE TABLE `user` (`user_name` varchar(15) NOT NULL,`user_pass` varchar(15) NOT NULL,`user_email` varchar(60) NOT NULL,PRIMARY KEY (`user_name`),UNIQUE KEY `uni_user_email` (`user_email`)) ENGINE=InnoDB DEFAULT CHARSET=latin1
2017-10-03 23:38:47,080 8043 [main] ERROR org.hibernate.tool.hbm2ddl.SchemaExport  - Table 'user' already exists
2017-10-03 23:38:47,090 8053 [main] ERROR org.hibernate.tool.hbm2ddl.SchemaExport  - HHH000388: Unsuccessful: INSERT INTO `user` VALUES ('testuser1','password1','test1@test.edu'),('testuser2','password2','test2@test.edu'),('testuser3','password3','test3@test.edu')
2017-10-03 23:38:47,090 8053 [main] ERROR org.hibernate.tool.hbm2ddl.SchemaExport  - Duplicate entry 'testuser1' for key 'PRIMARY'
2017-10-03 23:38:47,164 8127 [main] INFO  org.hibernate.tool.hbm2ddl.SchemaExport  - HHH000230: Schema export complete
2017-10-03 23:43:10,590 0    [main] INFO  org.hibernate.annotations.common.Version  - HCANN000001: Hibernate Commons Annotations {4.0.5.Final}
2017-10-03 23:43:10,635 45   [main] INFO  org.hibernate.Version  - HHH000412: Hibernate Core {4.3.11.Final}
2017-10-03 23:43:10,650 60   [main] INFO  org.hibernate.cfg.Environment  - HHH000206: hibernate.properties not found
2017-10-03 23:43:10,656 66   [main] INFO  org.hibernate.cfg.Environment  - HHH000021: Bytecode provider name : javassist
2017-10-03 23:43:10,787 197  [main] INFO  org.hibernate.cfg.Configuration  - HHH000043: Configuring from resource: /hibernate.cfg.xml
2017-10-03 23:43:10,789 199  [main] INFO  org.hibernate.cfg.Configuration  - HHH000040: Configuration resource: /hibernate.cfg.xml
2017-10-03 23:43:11,531 941  [main] INFO  org.hibernate.cfg.Configuration  - HHH000041: Configured SessionFactory: null
2017-10-03 23:43:12,659 2069 [main] WARN  org.hibernate.engine.jdbc.connections.internal.DriverManagerConnectionProviderImpl  - HHH000402: Using Hibernate built-in connection pool (not for production use!)
2017-10-03 23:43:12,722 2132 [main] INFO  org.hibernate.engine.jdbc.connections.internal.DriverManagerConnectionProviderImpl  - HHH000401: using driver [com.mysql.jdbc.Driver] at URL [jdbc:mysql://localhost:3306/streamsearchtest]
2017-10-03 23:43:12,724 2134 [main] INFO  org.hibernate.engine.jdbc.connections.internal.DriverManagerConnectionProviderImpl  - HHH000046: Connection properties: {user=root, password=****}
2017-10-03 23:43:12,725 2135 [main] INFO  org.hibernate.engine.jdbc.connections.internal.DriverManagerConnectionProviderImpl  - HHH000006: Autocommit mode: false
2017-10-03 23:43:12,744 2154 [main] INFO  org.hibernate.engine.jdbc.connections.internal.DriverManagerConnectionProviderImpl  - HHH000115: Hibernate connection pool size: 20 (min=1)
2017-10-03 23:43:15,000 4410 [main] INFO  org.hibernate.dialect.Dialect  - HHH000400: Using dialect: org.hibernate.dialect.MySQL5Dialect
2017-10-03 23:43:16,370 5780 [main] INFO  org.hibernate.engine.transaction.internal.TransactionFactoryInitiator  - HHH000399: Using default transaction strategy (direct JDBC transactions)
2017-10-03 23:43:16,442 5852 [main] INFO  org.hibernate.hql.internal.ast.ASTQueryTranslatorFactory  - HHH000397: Using ASTQueryTranslatorFactory
2017-10-03 23:43:18,124 7534 [main] INFO  org.hibernate.tool.hbm2ddl.SchemaExport  - HHH000227: Running hbm2ddl schema export
2017-10-03 23:43:18,270 7680 [main] ERROR org.hibernate.tool.hbm2ddl.SchemaExport  - HHH000389: Unsuccessful: drop table if exists user
2017-10-03 23:43:18,270 7680 [main] ERROR org.hibernate.tool.hbm2ddl.SchemaExport  - Cannot delete or update a parent row: a foreign key constraint fails
2017-10-03 23:43:18,311 7721 [main] ERROR org.hibernate.tool.hbm2ddl.SchemaExport  - HHH000389: Unsuccessful: create table user (user_name varchar(15) not null, user_email varchar(60) not null, user_pass varchar(15) not null, primary key (user_name))
2017-10-03 23:43:18,311 7721 [main] ERROR org.hibernate.tool.hbm2ddl.SchemaExport  - Table 'user' already exists
2017-10-03 23:43:18,319 7729 [main] ERROR org.hibernate.tool.hbm2ddl.SchemaExport  - HHH000388: Unsuccessful: DROP TABLE IF EXISTS `user`
2017-10-03 23:43:18,320 7730 [main] ERROR org.hibernate.tool.hbm2ddl.SchemaExport  - Cannot delete or update a parent row: a foreign key constraint fails
2017-10-03 23:43:18,332 7742 [main] ERROR org.hibernate.tool.hbm2ddl.SchemaExport  - HHH000388: Unsuccessful: CREATE TABLE `user` (`user_name` varchar(15) NOT NULL,`user_pass` varchar(15) NOT NULL,`user_email` varchar(60) NOT NULL,PRIMARY KEY (`user_name`),UNIQUE KEY `uni_user_email` (`user_email`)) ENGINE=InnoDB DEFAULT CHARSET=latin1
2017-10-03 23:43:18,332 7742 [main] ERROR org.hibernate.tool.hbm2ddl.SchemaExport  - Table 'user' already exists
2017-10-03 23:43:18,335 7745 [main] ERROR org.hibernate.tool.hbm2ddl.SchemaExport  - HHH000388: Unsuccessful: INSERT INTO `user` VALUES ('testuser1','password1','test1@test.edu'),('testuser2','password2','test2@test.edu'),('testuser3','password3','test3@test.edu')
2017-10-03 23:43:18,336 7746 [main] ERROR org.hibernate.tool.hbm2ddl.SchemaExport  - Duplicate entry 'testuser1' for key 'PRIMARY'
2017-10-03 23:43:18,433 7843 [main] INFO  org.hibernate.tool.hbm2ddl.SchemaExport  - HHH000230: Schema export complete
2017-10-03 23:45:16,915 0    [main] INFO  org.hibernate.annotations.common.Version  - HCANN000001: Hibernate Commons Annotations {4.0.5.Final}
2017-10-03 23:45:16,961 46   [main] INFO  org.hibernate.Version  - HHH000412: Hibernate Core {4.3.11.Final}
2017-10-03 23:45:16,969 54   [main] INFO  org.hibernate.cfg.Environment  - HHH000206: hibernate.properties not found
2017-10-03 23:45:16,976 61   [main] INFO  org.hibernate.cfg.Environment  - HHH000021: Bytecode provider name : javassist
2017-10-03 23:45:17,066 151  [main] INFO  org.hibernate.cfg.Configuration  - HHH000043: Configuring from resource: /hibernate.cfg.xml
2017-10-03 23:45:17,067 152  [main] INFO  org.hibernate.cfg.Configuration  - HHH000040: Configuration resource: /hibernate.cfg.xml
2017-10-03 23:45:17,359 444  [main] INFO  org.hibernate.cfg.Configuration  - HHH000041: Configured SessionFactory: null
2017-10-03 23:45:17,811 896  [main] WARN  org.hibernate.engine.jdbc.connections.internal.DriverManagerConnectionProviderImpl  - HHH000402: Using Hibernate built-in connection pool (not for production use!)
2017-10-03 23:45:17,835 920  [main] INFO  org.hibernate.engine.jdbc.connections.internal.DriverManagerConnectionProviderImpl  - HHH000401: using driver [com.mysql.jdbc.Driver] at URL [jdbc:mysql://localhost:3306/streamsearchtest]
2017-10-03 23:45:17,838 923  [main] INFO  org.hibernate.engine.jdbc.connections.internal.DriverManagerConnectionProviderImpl  - HHH000046: Connection properties: {user=root, password=****}
2017-10-03 23:45:17,839 924  [main] INFO  org.hibernate.engine.jdbc.connections.internal.DriverManagerConnectionProviderImpl  - HHH000006: Autocommit mode: false
2017-10-03 23:45:17,840 925  [main] INFO  org.hibernate.engine.jdbc.connections.internal.DriverManagerConnectionProviderImpl  - HHH000115: Hibernate connection pool size: 20 (min=1)
2017-10-03 23:45:19,664 2749 [main] INFO  org.hibernate.dialect.Dialect  - HHH000400: Using dialect: org.hibernate.dialect.MySQL5Dialect
2017-10-03 23:45:20,504 3589 [main] INFO  org.hibernate.engine.transaction.internal.TransactionFactoryInitiator  - HHH000399: Using default transaction strategy (direct JDBC transactions)
2017-10-03 23:45:20,541 3626 [main] INFO  org.hibernate.hql.internal.ast.ASTQueryTranslatorFactory  - HHH000397: Using ASTQueryTranslatorFactory
2017-10-03 23:45:22,416 5501 [main] INFO  org.hibernate.tool.hbm2ddl.SchemaExport  - HHH000227: Running hbm2ddl schema export
2017-10-03 23:45:22,464 5549 [main] ERROR org.hibernate.tool.hbm2ddl.SchemaExport  - HHH000389: Unsuccessful: drop table if exists user
2017-10-03 23:45:22,464 5549 [main] ERROR org.hibernate.tool.hbm2ddl.SchemaExport  - Cannot delete or update a parent row: a foreign key constraint fails
2017-10-03 23:45:22,499 5584 [main] ERROR org.hibernate.tool.hbm2ddl.SchemaExport  - HHH000389: Unsuccessful: create table user (user_name varchar(15) not null, user_email varchar(60) not null, user_pass varchar(15) not null, primary key (user_name))
2017-10-03 23:45:22,499 5584 [main] ERROR org.hibernate.tool.hbm2ddl.SchemaExport  - Table 'user' already exists
2017-10-03 23:45:23,247 6332 [main] INFO  org.hibernate.tool.hbm2ddl.SchemaExport  - HHH000230: Schema export complete
2017-10-03 23:45:37,665 0    [main] INFO  org.hibernate.annotations.common.Version  - HCANN000001: Hibernate Commons Annotations {4.0.5.Final}
2017-10-03 23:45:37,712 47   [main] INFO  org.hibernate.Version  - HHH000412: Hibernate Core {4.3.11.Final}
2017-10-03 23:45:37,724 59   [main] INFO  org.hibernate.cfg.Environment  - HHH000206: hibernate.properties not found
2017-10-03 23:45:37,736 71   [main] INFO  org.hibernate.cfg.Environment  - HHH000021: Bytecode provider name : javassist
2017-10-03 23:45:37,867 202  [main] INFO  org.hibernate.cfg.Configuration  - HHH000043: Configuring from resource: /hibernate.cfg.xml
2017-10-03 23:45:37,868 203  [main] INFO  org.hibernate.cfg.Configuration  - HHH000040: Configuration resource: /hibernate.cfg.xml
2017-10-03 23:45:38,187 522  [main] INFO  org.hibernate.cfg.Configuration  - HHH000041: Configured SessionFactory: null
2017-10-03 23:45:38,735 1070 [main] WARN  org.hibernate.engine.jdbc.connections.internal.DriverManagerConnectionProviderImpl  - HHH000402: Using Hibernate built-in connection pool (not for production use!)
2017-10-03 23:45:38,780 1115 [main] INFO  org.hibernate.engine.jdbc.connections.internal.DriverManagerConnectionProviderImpl  - HHH000401: using driver [com.mysql.jdbc.Driver] at URL [jdbc:mysql://localhost:3306/streamsearchtest]
2017-10-03 23:45:38,784 1119 [main] INFO  org.hibernate.engine.jdbc.connections.internal.DriverManagerConnectionProviderImpl  - HHH000046: Connection properties: {user=root, password=****}
2017-10-03 23:45:38,785 1120 [main] INFO  org.hibernate.engine.jdbc.connections.internal.DriverManagerConnectionProviderImpl  - HHH000006: Autocommit mode: false
2017-10-03 23:45:38,793 1128 [main] INFO  org.hibernate.engine.jdbc.connections.internal.DriverManagerConnectionProviderImpl  - HHH000115: Hibernate connection pool size: 20 (min=1)
2017-10-03 23:45:40,510 2845 [main] INFO  org.hibernate.dialect.Dialect  - HHH000400: Using dialect: org.hibernate.dialect.MySQL5Dialect
2017-10-03 23:45:41,423 3758 [main] INFO  org.hibernate.engine.transaction.internal.TransactionFactoryInitiator  - HHH000399: Using default transaction strategy (direct JDBC transactions)
2017-10-03 23:45:41,452 3787 [main] INFO  org.hibernate.hql.internal.ast.ASTQueryTranslatorFactory  - HHH000397: Using ASTQueryTranslatorFactory
2017-10-03 23:45:43,193 5528 [main] INFO  org.hibernate.tool.hbm2ddl.SchemaExport  - HHH000227: Running hbm2ddl schema export
2017-10-03 23:45:43,258 5593 [main] ERROR org.hibernate.tool.hbm2ddl.SchemaExport  - HHH000389: Unsuccessful: drop table if exists user
2017-10-03 23:45:43,259 5594 [main] ERROR org.hibernate.tool.hbm2ddl.SchemaExport  - Cannot delete or update a parent row: a foreign key constraint fails
2017-10-03 23:45:43,273 5608 [main] ERROR org.hibernate.tool.hbm2ddl.SchemaExport  - HHH000389: Unsuccessful: create table user (user_name varchar(15) not null, user_email varchar(60) not null, user_pass varchar(15) not null, primary key (user_name))
2017-10-03 23:45:43,275 5610 [main] ERROR org.hibernate.tool.hbm2ddl.SchemaExport  - Table 'user' already exists
2017-10-03 23:45:43,431 5766 [main] INFO  org.hibernate.tool.hbm2ddl.SchemaExport  - HHH000230: Schema export complete
2017-10-03 23:45:43,759 6094 [main] WARN  org.hibernate.engine.jdbc.spi.SqlExceptionHelper  - SQL Error: 1452, SQLState: 23000
2017-10-03 23:45:43,759 6094 [main] ERROR org.hibernate.engine.jdbc.spi.SqlExceptionHelper  - Cannot add or update a child row: a foreign key constraint fails (`streamsearchtest`.`user_roles`, CONSTRAINT `fk_user_name` FOREIGN KEY (`user_name`) REFERENCES `user` (`user_name`) ON DELETE CASCADE ON UPDATE CASCADE)
2017-10-03 23:45:43,761 6096 [main] INFO  org.hibernate.engine.jdbc.batch.internal.AbstractBatchImpl  - HHH000010: On release of batch it still contained JDBC statements
2017-10-03 23:45:43,771 6106 [main] WARN  org.hibernate.engine.jdbc.spi.SqlExceptionHelper  - SQL Warning Code: 1452, SQLState: 23000
2017-10-03 23:45:43,771 6106 [main] WARN  org.hibernate.engine.jdbc.spi.SqlExceptionHelper  - Cannot add or update a child row: a foreign key constraint fails (`streamsearchtest`.`user_roles`, CONSTRAINT `fk_user_name` FOREIGN KEY (`user_name`) REFERENCES `user` (`user_name`) ON DELETE CASCADE ON UPDATE CASCADE)
2017-10-03 23:45:43,776 6111 [main] ERROR edu.matc.streamSearch.persistence.UserRolesDao  - Error saving user edu.matc.streamSearch.entity.UserRoles@a1232634
org.hibernate.exception.ConstraintViolationException: could not execute statement
	at org.hibernate.exception.internal.SQLExceptionTypeDelegate.convert(SQLExceptionTypeDelegate.java:72)
	at org.hibernate.exception.internal.StandardSQLExceptionConverter.convert(StandardSQLExceptionConverter.java:49)
	at org.hibernate.engine.jdbc.spi.SqlExceptionHelper.convert(SqlExceptionHelper.java:126)
	at org.hibernate.engine.jdbc.spi.SqlExceptionHelper.convert(SqlExceptionHelper.java:112)
	at org.hibernate.engine.jdbc.internal.ResultSetReturnImpl.executeUpdate(ResultSetReturnImpl.java:211)
	at org.hibernate.engine.jdbc.batch.internal.NonBatchingBatch.addToBatch(NonBatchingBatch.java:62)
	at org.hibernate.persister.entity.AbstractEntityPersister.insert(AbstractEntityPersister.java:3124)
	at org.hibernate.persister.entity.AbstractEntityPersister.insert(AbstractEntityPersister.java:3581)
	at org.hibernate.action.internal.EntityInsertAction.execute(EntityInsertAction.java:104)
	at org.hibernate.engine.spi.ActionQueue.executeActions(ActionQueue.java:465)
	at org.hibernate.engine.spi.ActionQueue.executeActions(ActionQueue.java:351)
	at org.hibernate.event.internal.AbstractFlushingEventListener.performExecutions(AbstractFlushingEventListener.java:350)
	at org.hibernate.event.internal.DefaultFlushEventListener.onFlush(DefaultFlushEventListener.java:56)
	at org.hibernate.internal.SessionImpl.flush(SessionImpl.java:1258)
	at org.hibernate.internal.SessionImpl.managedFlush(SessionImpl.java:425)
	at org.hibernate.engine.transaction.internal.jdbc.JdbcTransaction.beforeTransactionCommit(JdbcTransaction.java:101)
	at org.hibernate.engine.transaction.spi.AbstractTransactionImpl.commit(AbstractTransactionImpl.java:177)
	at edu.matc.streamSearch.persistence.UserRolesDao.addUserRoles(UserRolesDao.java:64)
	at edu.matc.streamSearch.persistence.UserRolesDaoTest.addUserRolesTest(UserRolesDaoTest.java:42)
	at sun.reflect.NativeMethodAccessorImpl.invoke0(Native Method)
	at sun.reflect.NativeMethodAccessorImpl.invoke(NativeMethodAccessorImpl.java:62)
	at sun.reflect.DelegatingMethodAccessorImpl.invoke(DelegatingMethodAccessorImpl.java:43)
	at java.lang.reflect.Method.invoke(Method.java:498)
	at org.junit.runners.model.FrameworkMethod$1.runReflectiveCall(FrameworkMethod.java:50)
	at org.junit.internal.runners.model.ReflectiveCallable.run(ReflectiveCallable.java:12)
	at org.junit.runners.model.FrameworkMethod.invokeExplosively(FrameworkMethod.java:47)
	at org.junit.internal.runners.statements.InvokeMethod.evaluate(InvokeMethod.java:17)
	at org.junit.internal.runners.statements.RunBefores.evaluate(RunBefores.java:26)
	at org.junit.runners.ParentRunner.runLeaf(ParentRunner.java:325)
	at org.junit.runners.BlockJUnit4ClassRunner.runChild(BlockJUnit4ClassRunner.java:78)
	at org.junit.runners.BlockJUnit4ClassRunner.runChild(BlockJUnit4ClassRunner.java:57)
	at org.junit.runners.ParentRunner$3.run(ParentRunner.java:290)
	at org.junit.runners.ParentRunner$1.schedule(ParentRunner.java:71)
	at org.junit.runners.ParentRunner.runChildren(ParentRunner.java:288)
	at org.junit.runners.ParentRunner.access$000(ParentRunner.java:58)
	at org.junit.runners.ParentRunner$2.evaluate(ParentRunner.java:268)
	at org.junit.runners.ParentRunner.run(ParentRunner.java:363)
	at org.junit.runner.JUnitCore.run(JUnitCore.java:137)
	at com.intellij.junit4.JUnit4IdeaTestRunner.startRunnerWithArgs(JUnit4IdeaTestRunner.java:68)
	at com.intellij.rt.execution.junit.IdeaTestRunner$Repeater.startRunnerWithArgs(IdeaTestRunner.java:47)
	at com.intellij.rt.execution.junit.JUnitStarter.prepareStreamsAndStart(JUnitStarter.java:242)
	at com.intellij.rt.execution.junit.JUnitStarter.main(JUnitStarter.java:70)
Caused by: com.mysql.jdbc.exceptions.jdbc4.MySQLIntegrityConstraintViolationException: Cannot add or update a child row: a foreign key constraint fails (`streamsearchtest`.`user_roles`, CONSTRAINT `fk_user_name` FOREIGN KEY (`user_name`) REFERENCES `user` (`user_name`) ON DELETE CASCADE ON UPDATE CASCADE)
	at sun.reflect.NativeConstructorAccessorImpl.newInstance0(Native Method)
	at sun.reflect.NativeConstructorAccessorImpl.newInstance(NativeConstructorAccessorImpl.java:62)
	at sun.reflect.DelegatingConstructorAccessorImpl.newInstance(DelegatingConstructorAccessorImpl.java:45)
	at java.lang.reflect.Constructor.newInstance(Constructor.java:423)
	at com.mysql.jdbc.Util.handleNewInstance(Util.java:404)
	at com.mysql.jdbc.Util.getInstance(Util.java:387)
	at com.mysql.jdbc.SQLError.createSQLException(SQLError.java:934)
	at com.mysql.jdbc.MysqlIO.checkErrorPacket(MysqlIO.java:3966)
	at com.mysql.jdbc.MysqlIO.checkErrorPacket(MysqlIO.java:3902)
	at com.mysql.jdbc.MysqlIO.sendCommand(MysqlIO.java:2526)
	at com.mysql.jdbc.MysqlIO.sqlQueryDirect(MysqlIO.java:2673)
	at com.mysql.jdbc.ConnectionImpl.execSQL(ConnectionImpl.java:2549)
	at com.mysql.jdbc.PreparedStatement.executeInternal(PreparedStatement.java:1861)
	at com.mysql.jdbc.PreparedStatement.executeUpdateInternal(PreparedStatement.java:2073)
	at com.mysql.jdbc.PreparedStatement.executeUpdateInternal(PreparedStatement.java:2009)
	at com.mysql.jdbc.PreparedStatement.executeLargeUpdate(PreparedStatement.java:5098)
	at com.mysql.jdbc.PreparedStatement.executeUpdate(PreparedStatement.java:1994)
	at org.hibernate.engine.jdbc.internal.ResultSetReturnImpl.executeUpdate(ResultSetReturnImpl.java:208)
	... 37 more
2017-10-03 23:49:29,670 5    [main] INFO  org.hibernate.annotations.common.Version  - HCANN000001: Hibernate Commons Annotations {4.0.5.Final}
2017-10-03 23:49:29,709 44   [main] INFO  org.hibernate.Version  - HHH000412: Hibernate Core {4.3.11.Final}
2017-10-03 23:49:29,719 54   [main] INFO  org.hibernate.cfg.Environment  - HHH000206: hibernate.properties not found
2017-10-03 23:49:29,729 64   [main] INFO  org.hibernate.cfg.Environment  - HHH000021: Bytecode provider name : javassist
2017-10-03 23:49:29,822 157  [main] INFO  org.hibernate.cfg.Configuration  - HHH000043: Configuring from resource: /hibernate.cfg.xml
2017-10-03 23:49:29,822 157  [main] INFO  org.hibernate.cfg.Configuration  - HHH000040: Configuration resource: /hibernate.cfg.xml
2017-10-03 23:49:30,080 415  [main] INFO  org.hibernate.cfg.Configuration  - HHH000041: Configured SessionFactory: null
2017-10-03 23:49:30,697 1032 [main] WARN  org.hibernate.engine.jdbc.connections.internal.DriverManagerConnectionProviderImpl  - HHH000402: Using Hibernate built-in connection pool (not for production use!)
2017-10-03 23:49:30,729 1064 [main] INFO  org.hibernate.engine.jdbc.connections.internal.DriverManagerConnectionProviderImpl  - HHH000401: using driver [com.mysql.jdbc.Driver] at URL [jdbc:mysql://localhost:3306/streamsearchtest]
2017-10-03 23:49:30,740 1075 [main] INFO  org.hibernate.engine.jdbc.connections.internal.DriverManagerConnectionProviderImpl  - HHH000046: Connection properties: {user=root, password=****}
2017-10-03 23:49:30,740 1075 [main] INFO  org.hibernate.engine.jdbc.connections.internal.DriverManagerConnectionProviderImpl  - HHH000006: Autocommit mode: false
2017-10-03 23:49:30,746 1081 [main] INFO  org.hibernate.engine.jdbc.connections.internal.DriverManagerConnectionProviderImpl  - HHH000115: Hibernate connection pool size: 20 (min=1)
2017-10-03 23:49:32,340 2675 [main] INFO  org.hibernate.dialect.Dialect  - HHH000400: Using dialect: org.hibernate.dialect.MySQL5Dialect
2017-10-03 23:49:33,138 3473 [main] INFO  org.hibernate.engine.transaction.internal.TransactionFactoryInitiator  - HHH000399: Using default transaction strategy (direct JDBC transactions)
2017-10-03 23:49:33,152 3487 [main] INFO  org.hibernate.hql.internal.ast.ASTQueryTranslatorFactory  - HHH000397: Using ASTQueryTranslatorFactory
2017-10-03 23:49:34,658 4993 [main] INFO  org.hibernate.tool.hbm2ddl.SchemaExport  - HHH000227: Running hbm2ddl schema export
2017-10-03 23:49:34,714 5049 [main] ERROR org.hibernate.tool.hbm2ddl.SchemaExport  - HHH000389: Unsuccessful: drop table if exists user
2017-10-03 23:49:34,716 5051 [main] ERROR org.hibernate.tool.hbm2ddl.SchemaExport  - Cannot delete or update a parent row: a foreign key constraint fails
2017-10-03 23:49:34,741 5076 [main] ERROR org.hibernate.tool.hbm2ddl.SchemaExport  - HHH000389: Unsuccessful: create table user (user_name varchar(15) not null, user_email varchar(60) not null, user_pass varchar(15) not null, primary key (user_name))
2017-10-03 23:49:34,741 5076 [main] ERROR org.hibernate.tool.hbm2ddl.SchemaExport  - Table 'user' already exists
2017-10-03 23:49:35,083 5418 [main] INFO  org.hibernate.tool.hbm2ddl.SchemaExport  - HHH000230: Schema export complete
2017-10-03 23:50:40,035 0    [main] INFO  org.hibernate.annotations.common.Version  - HCANN000001: Hibernate Commons Annotations {4.0.5.Final}
2017-10-03 23:50:40,078 43   [main] INFO  org.hibernate.Version  - HHH000412: Hibernate Core {4.3.11.Final}
2017-10-03 23:50:40,088 53   [main] INFO  org.hibernate.cfg.Environment  - HHH000206: hibernate.properties not found
2017-10-03 23:50:40,096 61   [main] INFO  org.hibernate.cfg.Environment  - HHH000021: Bytecode provider name : javassist
2017-10-03 23:50:40,208 173  [main] INFO  org.hibernate.cfg.Configuration  - HHH000043: Configuring from resource: /hibernate.cfg.xml
2017-10-03 23:50:40,215 180  [main] INFO  org.hibernate.cfg.Configuration  - HHH000040: Configuration resource: /hibernate.cfg.xml
2017-10-03 23:50:40,627 592  [main] INFO  org.hibernate.cfg.Configuration  - HHH000041: Configured SessionFactory: null
2017-10-03 23:50:41,695 1660 [main] WARN  org.hibernate.engine.jdbc.connections.internal.DriverManagerConnectionProviderImpl  - HHH000402: Using Hibernate built-in connection pool (not for production use!)
2017-10-03 23:50:41,744 1709 [main] INFO  org.hibernate.engine.jdbc.connections.internal.DriverManagerConnectionProviderImpl  - HHH000401: using driver [com.mysql.jdbc.Driver] at URL [jdbc:mysql://localhost:3306/streamsearchtest]
2017-10-03 23:50:41,757 1722 [main] INFO  org.hibernate.engine.jdbc.connections.internal.DriverManagerConnectionProviderImpl  - HHH000046: Connection properties: {user=root, password=****}
2017-10-03 23:50:41,760 1725 [main] INFO  org.hibernate.engine.jdbc.connections.internal.DriverManagerConnectionProviderImpl  - HHH000006: Autocommit mode: false
2017-10-03 23:50:41,767 1732 [main] INFO  org.hibernate.engine.jdbc.connections.internal.DriverManagerConnectionProviderImpl  - HHH000115: Hibernate connection pool size: 20 (min=1)
2017-10-03 23:50:44,163 4128 [main] INFO  org.hibernate.dialect.Dialect  - HHH000400: Using dialect: org.hibernate.dialect.MySQL5Dialect
2017-10-03 23:50:45,215 5180 [main] INFO  org.hibernate.engine.transaction.internal.TransactionFactoryInitiator  - HHH000399: Using default transaction strategy (direct JDBC transactions)
2017-10-03 23:50:45,240 5205 [main] INFO  org.hibernate.hql.internal.ast.ASTQueryTranslatorFactory  - HHH000397: Using ASTQueryTranslatorFactory
2017-10-03 23:50:46,833 6798 [main] INFO  org.hibernate.tool.hbm2ddl.SchemaExport  - HHH000227: Running hbm2ddl schema export
2017-10-03 23:50:46,879 6844 [main] ERROR org.hibernate.tool.hbm2ddl.SchemaExport  - HHH000389: Unsuccessful: drop table if exists user
2017-10-03 23:50:46,879 6844 [main] ERROR org.hibernate.tool.hbm2ddl.SchemaExport  - Cannot delete or update a parent row: a foreign key constraint fails
2017-10-03 23:50:46,956 6921 [main] ERROR org.hibernate.tool.hbm2ddl.SchemaExport  - HHH000389: Unsuccessful: create table user (user_name varchar(15) not null, user_email varchar(60) not null, user_pass varchar(15) not null, primary key (user_name))
2017-10-03 23:50:46,959 6924 [main] ERROR org.hibernate.tool.hbm2ddl.SchemaExport  - Table 'user' already exists
2017-10-03 23:50:47,021 6986 [main] ERROR org.hibernate.tool.hbm2ddl.SchemaExport  - HHH000388: Unsuccessful: DROP TABLE IF EXISTS `user`
2017-10-03 23:50:47,021 6986 [main] ERROR org.hibernate.tool.hbm2ddl.SchemaExport  - Cannot delete or update a parent row: a foreign key constraint fails
2017-10-03 23:50:47,058 7023 [main] ERROR org.hibernate.tool.hbm2ddl.SchemaExport  - HHH000388: Unsuccessful: CREATE TABLE `user` (`user_name` varchar(15) NOT NULL,`user_pass` varchar(15) NOT NULL,`user_email` varchar(60) NOT NULL,PRIMARY KEY (`user_name`),UNIQUE KEY `uni_user_email` (`user_email`)) ENGINE=InnoDB DEFAULT CHARSET=latin1
2017-10-03 23:50:47,058 7023 [main] ERROR org.hibernate.tool.hbm2ddl.SchemaExport  - Table 'user' already exists
2017-10-03 23:50:47,348 7313 [main] ERROR org.hibernate.tool.hbm2ddl.SchemaExport  - HHH000388: Unsuccessful: INSERT INTO `user` VALUES ('testuser1','password1','test1@test.edu'),('testuser2','password2','test2@test.edu'),('testuser3','password3','test3@test.edu')
2017-10-03 23:50:47,354 7319 [main] ERROR org.hibernate.tool.hbm2ddl.SchemaExport  - Duplicate entry 'testuser1' for key 'PRIMARY'
2017-10-03 23:50:47,384 7349 [main] INFO  org.hibernate.tool.hbm2ddl.SchemaExport  - HHH000230: Schema export complete
2017-10-03 23:50:47,925 7890 [main] WARN  org.hibernate.engine.jdbc.spi.SqlExceptionHelper  - SQL Error: 1062, SQLState: 23000
2017-10-03 23:50:47,926 7891 [main] ERROR org.hibernate.engine.jdbc.spi.SqlExceptionHelper  - Duplicate entry 'testuser4' for key 'PRIMARY'
2017-10-03 23:50:47,928 7893 [main] INFO  org.hibernate.engine.jdbc.batch.internal.AbstractBatchImpl  - HHH000010: On release of batch it still contained JDBC statements
2017-10-03 23:50:47,931 7896 [main] WARN  org.hibernate.engine.jdbc.spi.SqlExceptionHelper  - SQL Warning Code: 1062, SQLState: 23000
2017-10-03 23:50:47,931 7896 [main] WARN  org.hibernate.engine.jdbc.spi.SqlExceptionHelper  - Duplicate entry 'testuser4' for key 'PRIMARY'
2017-10-03 23:50:47,933 7898 [main] ERROR edu.matc.streamSearch.persistence.UserDao  - Error saving user edu.matc.streamSearch.entity.User@93daa5d6
org.hibernate.exception.ConstraintViolationException: could not execute statement
	at org.hibernate.exception.internal.SQLExceptionTypeDelegate.convert(SQLExceptionTypeDelegate.java:72)
	at org.hibernate.exception.internal.StandardSQLExceptionConverter.convert(StandardSQLExceptionConverter.java:49)
	at org.hibernate.engine.jdbc.spi.SqlExceptionHelper.convert(SqlExceptionHelper.java:126)
	at org.hibernate.engine.jdbc.spi.SqlExceptionHelper.convert(SqlExceptionHelper.java:112)
	at org.hibernate.engine.jdbc.internal.ResultSetReturnImpl.executeUpdate(ResultSetReturnImpl.java:211)
	at org.hibernate.engine.jdbc.batch.internal.NonBatchingBatch.addToBatch(NonBatchingBatch.java:62)
	at org.hibernate.persister.entity.AbstractEntityPersister.insert(AbstractEntityPersister.java:3124)
	at org.hibernate.persister.entity.AbstractEntityPersister.insert(AbstractEntityPersister.java:3581)
	at org.hibernate.action.internal.EntityInsertAction.execute(EntityInsertAction.java:104)
	at org.hibernate.engine.spi.ActionQueue.executeActions(ActionQueue.java:465)
	at org.hibernate.engine.spi.ActionQueue.executeActions(ActionQueue.java:351)
	at org.hibernate.event.internal.AbstractFlushingEventListener.performExecutions(AbstractFlushingEventListener.java:350)
	at org.hibernate.event.internal.DefaultFlushEventListener.onFlush(DefaultFlushEventListener.java:56)
	at org.hibernate.internal.SessionImpl.flush(SessionImpl.java:1258)
	at org.hibernate.internal.SessionImpl.managedFlush(SessionImpl.java:425)
	at org.hibernate.engine.transaction.internal.jdbc.JdbcTransaction.beforeTransactionCommit(JdbcTransaction.java:101)
	at org.hibernate.engine.transaction.spi.AbstractTransactionImpl.commit(AbstractTransactionImpl.java:177)
	at edu.matc.streamSearch.persistence.UserDao.addUser(UserDao.java:64)
	at edu.matc.streamSearch.persistence.UserRolesDaoTest.addUserRolesTest(UserRolesDaoTest.java:45)
	at sun.reflect.NativeMethodAccessorImpl.invoke0(Native Method)
	at sun.reflect.NativeMethodAccessorImpl.invoke(NativeMethodAccessorImpl.java:62)
	at sun.reflect.DelegatingMethodAccessorImpl.invoke(DelegatingMethodAccessorImpl.java:43)
	at java.lang.reflect.Method.invoke(Method.java:498)
	at org.junit.runners.model.FrameworkMethod$1.runReflectiveCall(FrameworkMethod.java:50)
	at org.junit.internal.runners.model.ReflectiveCallable.run(ReflectiveCallable.java:12)
	at org.junit.runners.model.FrameworkMethod.invokeExplosively(FrameworkMethod.java:47)
	at org.junit.internal.runners.statements.InvokeMethod.evaluate(InvokeMethod.java:17)
	at org.junit.internal.runners.statements.RunBefores.evaluate(RunBefores.java:26)
	at org.junit.runners.ParentRunner.runLeaf(ParentRunner.java:325)
	at org.junit.runners.BlockJUnit4ClassRunner.runChild(BlockJUnit4ClassRunner.java:78)
	at org.junit.runners.BlockJUnit4ClassRunner.runChild(BlockJUnit4ClassRunner.java:57)
	at org.junit.runners.ParentRunner$3.run(ParentRunner.java:290)
	at org.junit.runners.ParentRunner$1.schedule(ParentRunner.java:71)
	at org.junit.runners.ParentRunner.runChildren(ParentRunner.java:288)
	at org.junit.runners.ParentRunner.access$000(ParentRunner.java:58)
	at org.junit.runners.ParentRunner$2.evaluate(ParentRunner.java:268)
	at org.junit.runners.ParentRunner.run(ParentRunner.java:363)
	at org.junit.runner.JUnitCore.run(JUnitCore.java:137)
	at com.intellij.junit4.JUnit4IdeaTestRunner.startRunnerWithArgs(JUnit4IdeaTestRunner.java:68)
	at com.intellij.rt.execution.junit.IdeaTestRunner$Repeater.startRunnerWithArgs(IdeaTestRunner.java:47)
	at com.intellij.rt.execution.junit.JUnitStarter.prepareStreamsAndStart(JUnitStarter.java:242)
	at com.intellij.rt.execution.junit.JUnitStarter.main(JUnitStarter.java:70)
Caused by: com.mysql.jdbc.exceptions.jdbc4.MySQLIntegrityConstraintViolationException: Duplicate entry 'testuser4' for key 'PRIMARY'
	at sun.reflect.NativeConstructorAccessorImpl.newInstance0(Native Method)
	at sun.reflect.NativeConstructorAccessorImpl.newInstance(NativeConstructorAccessorImpl.java:62)
	at sun.reflect.DelegatingConstructorAccessorImpl.newInstance(DelegatingConstructorAccessorImpl.java:45)
	at java.lang.reflect.Constructor.newInstance(Constructor.java:423)
	at com.mysql.jdbc.Util.handleNewInstance(Util.java:404)
	at com.mysql.jdbc.Util.getInstance(Util.java:387)
	at com.mysql.jdbc.SQLError.createSQLException(SQLError.java:934)
	at com.mysql.jdbc.MysqlIO.checkErrorPacket(MysqlIO.java:3966)
	at com.mysql.jdbc.MysqlIO.checkErrorPacket(MysqlIO.java:3902)
	at com.mysql.jdbc.MysqlIO.sendCommand(MysqlIO.java:2526)
	at com.mysql.jdbc.MysqlIO.sqlQueryDirect(MysqlIO.java:2673)
	at com.mysql.jdbc.ConnectionImpl.execSQL(ConnectionImpl.java:2549)
	at com.mysql.jdbc.PreparedStatement.executeInternal(PreparedStatement.java:1861)
	at com.mysql.jdbc.PreparedStatement.executeUpdateInternal(PreparedStatement.java:2073)
	at com.mysql.jdbc.PreparedStatement.executeUpdateInternal(PreparedStatement.java:2009)
	at com.mysql.jdbc.PreparedStatement.executeLargeUpdate(PreparedStatement.java:5098)
	at com.mysql.jdbc.PreparedStatement.executeUpdate(PreparedStatement.java:1994)
	at org.hibernate.engine.jdbc.internal.ResultSetReturnImpl.executeUpdate(ResultSetReturnImpl.java:208)
	... 37 more
2017-10-03 23:51:43,199 0    [main] INFO  org.hibernate.annotations.common.Version  - HCANN000001: Hibernate Commons Annotations {4.0.5.Final}
2017-10-03 23:51:43,228 29   [main] INFO  org.hibernate.Version  - HHH000412: Hibernate Core {4.3.11.Final}
2017-10-03 23:51:43,235 36   [main] INFO  org.hibernate.cfg.Environment  - HHH000206: hibernate.properties not found
2017-10-03 23:51:43,242 43   [main] INFO  org.hibernate.cfg.Environment  - HHH000021: Bytecode provider name : javassist
2017-10-03 23:51:43,377 178  [main] INFO  org.hibernate.cfg.Configuration  - HHH000043: Configuring from resource: /hibernate.cfg.xml
2017-10-03 23:51:43,379 180  [main] INFO  org.hibernate.cfg.Configuration  - HHH000040: Configuration resource: /hibernate.cfg.xml
2017-10-03 23:51:43,732 533  [main] INFO  org.hibernate.cfg.Configuration  - HHH000041: Configured SessionFactory: null
2017-10-03 23:51:44,246 1047 [main] WARN  org.hibernate.engine.jdbc.connections.internal.DriverManagerConnectionProviderImpl  - HHH000402: Using Hibernate built-in connection pool (not for production use!)
2017-10-03 23:51:44,299 1100 [main] INFO  org.hibernate.engine.jdbc.connections.internal.DriverManagerConnectionProviderImpl  - HHH000401: using driver [com.mysql.jdbc.Driver] at URL [jdbc:mysql://localhost:3306/streamsearchtest]
2017-10-03 23:51:44,308 1109 [main] INFO  org.hibernate.engine.jdbc.connections.internal.DriverManagerConnectionProviderImpl  - HHH000046: Connection properties: {user=root, password=****}
2017-10-03 23:51:44,309 1110 [main] INFO  org.hibernate.engine.jdbc.connections.internal.DriverManagerConnectionProviderImpl  - HHH000006: Autocommit mode: false
2017-10-03 23:51:44,317 1118 [main] INFO  org.hibernate.engine.jdbc.connections.internal.DriverManagerConnectionProviderImpl  - HHH000115: Hibernate connection pool size: 20 (min=1)
2017-10-03 23:51:45,971 2772 [main] INFO  org.hibernate.dialect.Dialect  - HHH000400: Using dialect: org.hibernate.dialect.MySQL5Dialect
2017-10-03 23:51:46,864 3665 [main] INFO  org.hibernate.engine.transaction.internal.TransactionFactoryInitiator  - HHH000399: Using default transaction strategy (direct JDBC transactions)
2017-10-03 23:51:46,899 3700 [main] INFO  org.hibernate.hql.internal.ast.ASTQueryTranslatorFactory  - HHH000397: Using ASTQueryTranslatorFactory
2017-10-03 23:51:48,736 5537 [main] INFO  org.hibernate.tool.hbm2ddl.SchemaExport  - HHH000227: Running hbm2ddl schema export
2017-10-03 23:51:48,791 5592 [main] ERROR org.hibernate.tool.hbm2ddl.SchemaExport  - HHH000389: Unsuccessful: drop table if exists user
2017-10-03 23:51:48,791 5592 [main] ERROR org.hibernate.tool.hbm2ddl.SchemaExport  - Cannot delete or update a parent row: a foreign key constraint fails
2017-10-03 23:51:48,809 5610 [main] ERROR org.hibernate.tool.hbm2ddl.SchemaExport  - HHH000389: Unsuccessful: create table user (user_name varchar(15) not null, user_email varchar(60) not null, user_pass varchar(15) not null, primary key (user_name))
2017-10-03 23:51:48,810 5611 [main] ERROR org.hibernate.tool.hbm2ddl.SchemaExport  - Table 'user' already exists
2017-10-03 23:51:48,930 5731 [main] INFO  org.hibernate.tool.hbm2ddl.SchemaExport  - HHH000230: Schema export complete
2017-10-03 23:53:26,651 0    [main] INFO  org.hibernate.annotations.common.Version  - HCANN000001: Hibernate Commons Annotations {4.0.5.Final}
2017-10-03 23:53:26,690 39   [main] INFO  org.hibernate.Version  - HHH000412: Hibernate Core {4.3.11.Final}
2017-10-03 23:53:26,704 53   [main] INFO  org.hibernate.cfg.Environment  - HHH000206: hibernate.properties not found
2017-10-03 23:53:26,712 61   [main] INFO  org.hibernate.cfg.Environment  - HHH000021: Bytecode provider name : javassist
2017-10-03 23:53:26,796 145  [main] INFO  org.hibernate.cfg.Configuration  - HHH000043: Configuring from resource: /hibernate.cfg.xml
2017-10-03 23:53:26,797 146  [main] INFO  org.hibernate.cfg.Configuration  - HHH000040: Configuration resource: /hibernate.cfg.xml
2017-10-03 23:53:27,168 517  [main] INFO  org.hibernate.cfg.Configuration  - HHH000041: Configured SessionFactory: null
2017-10-03 23:53:27,925 1274 [main] WARN  org.hibernate.engine.jdbc.connections.internal.DriverManagerConnectionProviderImpl  - HHH000402: Using Hibernate built-in connection pool (not for production use!)
2017-10-03 23:53:27,969 1318 [main] INFO  org.hibernate.engine.jdbc.connections.internal.DriverManagerConnectionProviderImpl  - HHH000401: using driver [com.mysql.jdbc.Driver] at URL [jdbc:mysql://localhost:3306/streamsearchtest]
2017-10-03 23:53:27,976 1325 [main] INFO  org.hibernate.engine.jdbc.connections.internal.DriverManagerConnectionProviderImpl  - HHH000046: Connection properties: {user=root, password=****}
2017-10-03 23:53:27,977 1326 [main] INFO  org.hibernate.engine.jdbc.connections.internal.DriverManagerConnectionProviderImpl  - HHH000006: Autocommit mode: false
2017-10-03 23:53:27,990 1339 [main] INFO  org.hibernate.engine.jdbc.connections.internal.DriverManagerConnectionProviderImpl  - HHH000115: Hibernate connection pool size: 20 (min=1)
2017-10-03 23:53:29,858 3207 [main] INFO  org.hibernate.dialect.Dialect  - HHH000400: Using dialect: org.hibernate.dialect.MySQL5Dialect
2017-10-03 23:53:30,959 4308 [main] INFO  org.hibernate.engine.transaction.internal.TransactionFactoryInitiator  - HHH000399: Using default transaction strategy (direct JDBC transactions)
2017-10-03 23:53:30,992 4341 [main] INFO  org.hibernate.hql.internal.ast.ASTQueryTranslatorFactory  - HHH000397: Using ASTQueryTranslatorFactory
2017-10-03 23:53:32,764 6113 [main] INFO  org.hibernate.tool.hbm2ddl.SchemaExport  - HHH000227: Running hbm2ddl schema export
2017-10-03 23:53:32,877 6226 [main] ERROR org.hibernate.tool.hbm2ddl.SchemaExport  - HHH000389: Unsuccessful: drop table if exists user
2017-10-03 23:53:32,878 6227 [main] ERROR org.hibernate.tool.hbm2ddl.SchemaExport  - Cannot delete or update a parent row: a foreign key constraint fails
2017-10-03 23:53:33,004 6353 [main] ERROR org.hibernate.tool.hbm2ddl.SchemaExport  - HHH000389: Unsuccessful: create table user (user_name varchar(15) not null, user_email varchar(60) not null, user_pass varchar(15) not null, primary key (user_name))
2017-10-03 23:53:33,010 6359 [main] ERROR org.hibernate.tool.hbm2ddl.SchemaExport  - Table 'user' already exists
2017-10-03 23:53:33,321 6670 [main] INFO  org.hibernate.tool.hbm2ddl.SchemaExport  - HHH000230: Schema export complete
